<?xml version="1.0" encoding="UTF-8"?>
<testsuite xmlns:xsi="http://www.w3.org/2001/XMLSchema-instance" xsi:noNamespaceSchemaLocation="https://maven.apache.org/surefire/maven-surefire-plugin/xsd/surefire-test-report-3.0.xsd" version="3.0" name="com.scania.warranty.service.ClaimCreationValidationServiceTest$TransmissionValidation" time="0.334" tests="3" errors="0" skipped="0" failures="0">
  <properties>
[...]
</properties>
  <testcase name="shouldFailWhenClaimDoesNotExist" classname="com.scania.warranty.service.ClaimCreationValidationServiceTest$TransmissionValidation" time="0.028">
    <system-out><![CDATA[2026-02-26T14:35:20.178+05:30  INFO 46642 --- [warranty-claim-management] [           main] t.c.s.AnnotationConfigContextLoaderUtils : Could not detect default configuration classes for test class [com.scania.warranty.service.ClaimCreationValidationServiceTest]: ClaimCreationValidationServiceTest does not declare any static, non-private, non-final, nested classes annotated with @Configuration.
2026-02-26T14:35:20.187+05:30  INFO 46642 --- [warranty-claim-management] [           main] .b.t.c.SpringBootTestContextBootstrapper : Found @SpringBootConfiguration com.scania.warranty.WarrantyApplication for test class com.scania.warranty.service.ClaimCreationValidationServiceTest
2026-02-26T14:35:20.188+05:30  INFO 46642 --- [warranty-claim-management] [           main] t.c.s.AnnotationConfigContextLoaderUtils : Could not detect default configuration classes for test class [com.scania.warranty.service.ClaimCreationValidationServiceTest$TransmissionValidation]: TransmissionValidation does not declare any static, non-private, non-final, nested classes annotated with @Configuration.
2026-02-26T14:35:20.191+05:30  INFO 46642 --- [warranty-claim-management] [           main] .b.t.c.SpringBootTestContextBootstrapper : Found @SpringBootConfiguration com.scania.warranty.WarrantyApplication for test class com.scania.warranty.service.ClaimCreationValidationServiceTest$TransmissionValidation
2026-02-26T14:35:20.192+05:30  INFO 46642 --- [warranty-claim-management] [           main] o.s.b.d.r.RestartApplicationListener     : Restart disabled due to context in which it is running

  .   ____          _            __ _ _
 /\\ / ___'_ __ _ _(_)_ __  __ _ \ \ \ \
( ( )\___ | '_ | '_| | '_ \/ _` | \ \ \ \
 \\/  ___)| |_)| | | | | || (_| |  ) ) ) )
  '  |____| .__|_| |_|_| |_\__, | / / / /
 =========|_|==============|___/=/_/_/_/
 :: Spring Boot ::                (v3.2.0)

2026-02-26T14:35:20.202+05:30  INFO 46642 --- [warranty-claim-management] [           main] s.w.s.ClaimCreationValidationServiceTest : Starting ClaimCreationValidationServiceTest using Java 25.0.1 with PID 46642 (started by bhjha in /Users/bhjha/Desktop/Work/Scania/RPG-JavaPipeline/scania-migration-java-v2/HS1210_n404_pure_java)
2026-02-26T14:35:20.202+05:30  INFO 46642 --- [warranty-claim-management] [           main] s.w.s.ClaimCreationValidationServiceTest : The following 1 profile is active: "test"
2026-02-26T14:35:20.225+05:30  INFO 46642 --- [warranty-claim-management] [           main] .s.d.r.c.RepositoryConfigurationDelegate : Bootstrapping Spring Data JPA repositories in DEFAULT mode.
2026-02-26T14:35:20.228+05:30  INFO 46642 --- [warranty-claim-management] [           main] .s.d.r.c.RepositoryConfigurationDelegate : Finished Spring Data repository scanning in 3 ms. Found 10 JPA repository interfaces.
2026-02-26T14:35:20.242+05:30  INFO 46642 --- [warranty-claim-management] [           main] beddedDataSourceBeanFactoryPostProcessor : Replacing 'dataSource' DataSource bean with embedded version
2026-02-26T14:35:20.251+05:30  INFO 46642 --- [warranty-claim-management] [           main] o.s.j.d.e.EmbeddedDatabaseFactory        : Starting embedded database: url='jdbc:h2:mem:682b9eed-7a68-4623-a085-3d7b22297f78;DB_CLOSE_DELAY=-1;DB_CLOSE_ON_EXIT=false', username='sa'
2026-02-26T14:35:20.260+05:30  INFO 46642 --- [warranty-claim-management] [           main] o.s.o.j.p.SpringPersistenceUnitInfo      : No LoadTimeWeaver setup: ignoring JPA class transformer
2026-02-26T14:35:20.261+05:30  WARN 46642 --- [warranty-claim-management] [           main] org.hibernate.orm.deprecation            : HHH90000025: H2Dialect does not need to be specified explicitly using 'hibernate.dialect' (remove the property setting and it will be selected by default)
Hibernate: 
    drop table if exists hsahklf3 cascade 
Hibernate: 
    drop table if exists hsahwpf cascade 
Hibernate: 
    drop table if exists hsflalf1 cascade 
Hibernate: 
    drop table if exists hsg70f cascade 
Hibernate: 
    drop table if exists hsg71lf2 cascade 
Hibernate: 
    drop table if exists hsg73pf cascade 
Hibernate: 
    create table hsahklf3 (
        "an-zeit" varchar(4),
        anrede varchar(1),
        "ba-schl�ssel" varchar(2),
        berei varchar(1),
        bfort varchar(1),
        bj varchar(4),
        "bonit#t" varchar(1),
        branch varchar(3),
        "eg-umsatz" varchar(1),
        "f:b>0" integer,
        "f:v>0" integer,
        "fert-zeit" varchar(4),
        "kampagne-nr" integer,
        "ken-av" varchar(2),
        "ken-pe" varchar(2),
        "kl-ausnahme idnr" varchar(3),
        "kl-erweiterung" integer,
        "klr-berech" varchar(1),
        "klr-betrag" numeric(5,2),
        "kostencode konzint_" varchar(3),
        "kz s" varchar(1),
        land varchar(3),
        leitzahl varchar(3),
        "mwst %" numeric(5,2),
        "mwst % r_" numeric(5,2),
        "mwst y/n" varchar(1),
        pakz varchar(3),
        partikelfilter varchar(1),
        rc varchar(3),
        "re anrede" varchar(1),
        "re bonit#t" varchar(1),
        "re land" varchar(3),
        "re rc" varchar(3),
        "re valuta" varchar(1),
        "re zart" varchar(1),
        reserve numeric(5,2),
        "rgs basis at" numeric(9,2),
        "rgs basis mwst" numeric(9,2),
        "rgs ges brutto" numeric(9,2),
        "rgs mwst" numeric(9,2),
        "rgs mwst at" numeric(9,2),
        "rgs netto" numeric(9,2),
        splitt varchar(2),
        "steuerfrei drittland" varchar(1),
        "tx_anf" varchar(3),
        "tx_ende" varchar(3),
        valuta varchar(1),
        "verbucht?" varchar(1),
        "w/t" varchar(1),
        "wkt-id" integer,
        "wrg_" varchar(3),
        zahlungsart varchar(1),
        anr varchar(5),
        "is-art" varchar(5),
        "kor-bez-re" varchar(5),
        "kst int auf_" varchar(5),
        "kst lohn" varchar(5),
        "kst teile" varchar(5),
        "l_rnr" varchar(5),
        match varchar(5),
        plz varchar(5),
        "re match" varchar(5),
        "re plz" varchar(5),
        rnr varchar(5),
        "sto-bez-re" varchar(5),
        au varchar(6),
        "fibu interim" varchar(6),
        "fibu mwst" varchar(6),
        "fibu mwst at" varchar(6),
        hu varchar(6),
        "kto intauf_" varchar(6),
        "kunden-nr_" varchar(6),
        "re kunden-nr_" varchar(6),
        sp varchar(6),
        "ktr int auf_" varchar(7),
        adat varchar(8),
        "an-tag" varchar(8),
        "fert-tag" varchar(8),
        ga varchar(8),
        "ga-�bern_" varchar(8),
        id bigint generated by default as identity,
        km varchar(8),
        "kor-bez-redat" varchar(8),
        rdat varchar(8),
        "sto-bez-redat" varchar(8),
        tacho varchar(8),
        "zaga-gueltig" varchar(8),
        zdat varchar(8),
        "euro-norm" varchar(10),
        "motor-nr" varchar(10),
        "prod-code" varchar(10),
        projekt varchar(10),
        "rg-nr_ 10a" varchar(10),
        "spez-code" varchar(10),
        "spo order" varchar(10),
        "user auftrag" varchar(10),
        "user rechnung" varchar(10),
        kz varchar(12),
        "assi-vorgang-nr" varchar(15),
        "r&w freigabe-nr" varchar(15),
        typ varchar(15),
        "fahrg_-nr_" varchar(17),
        "re tele_" varchar(17),
        telefon varchar(17),
        aufbauart varchar(20),
        berater varchar(20),
        "besteller kunde" varchar(20),
        dokumentennummer varchar(20),
        einsatzart varchar(20),
        "fahrzeug-art" varchar(20),
        hersteller varchar(20),
        "hersteller aufbau" varchar(20),
        "hersteller zusatz 1" varchar(20),
        "hersteller zusatz 2" varchar(20),
        "hersteller zusatz 3" varchar(20),
        "motor-typ" varchar(20),
        ort varchar(20),
        "re ort" varchar(20),
        "ust-id-nr/ok" varchar(20),
        "zusatzausr�stung 1" varchar(20),
        "zusatzausr�stung 2" varchar(20),
        "zusatzausr�stung 3" varchar(20),
        branche varchar(25),
        "re branche" varchar(25),
        "re strasse" varchar(25),
        strasse varchar(25),
        name varchar(30),
        "re name" varchar(30),
        atext varchar(40),
        "kl-ausnahme klartext" varchar(40),
        "mail cc" varchar(200),
        "mail to" varchar(200),
        primary key (id)
    )
Hibernate: 
    create table hsahwpf (
        "aw-stunden" numeric(5,2),
        bc varchar(2),
        berei varchar(1),
        ec varchar(2),
        einstandspreis numeric(9,2),
        "eps minderung %" numeric(5,2),
        "gew-ze" varchar(1),
        "ken_re2sum" varchar(1),
        "kz s" varchar(1),
        "kz s/aw" varchar(1),
        "kz-mwst" varchar(1),
        "l_nr_" varchar(3),
        "lnr pak" integer,
        "lnr rz" integer,
        "m-stunden" numeric(5,2),
        monteur varchar(3),
        pakz varchar(3),
        pe integer,
        "pos_" integer,
        preis numeric(9,2),
        rabatt numeric(5,2),
        "rg brutto" numeric(9,2),
        "rg netto" numeric(9,2),
        "rg rabatt" numeric(9,2),
        "satz-pe" numeric(5,2),
        "sort rz" integer,
        splitt varchar(2),
        "txt-key" varchar(3),
        "urspr-fak/h mon" numeric(5,2),
        "urspr-netto mon" numeric(9,2),
        "v-dm brutto" numeric(9,2),
        "v-dm-netto" numeric(9,2),
        "v-satz" numeric(5,2),
        "v-stunden" numeric(9,2),
        verdichten varchar(1),
        "w/t" varchar(1),
        werkszeit numeric(5,2),
        ze integer,
        zuschlag numeric(5,2),
        anr varchar(5),
        rnr varchar(5),
        ag varchar(8),
        id bigint generated by default as identity,
        "paket-nr_" varchar(8),
        rdat varchar(8),
        "rg-nr_ 10a" varchar(10),
        "eps name" varchar(20),
        "bez_" varchar(40),
        variante varchar(500),
        arbeitsbeschreibung varchar(2000),
        rechnungstext varchar(2000),
        primary key (id)
    )
Hibernate: 
    create table hsflalf1 (
        berei varchar(1),
        "ek-preis" numeric(7,2),
        "ek-wert" numeric(9,2),
        "erl-grp" varchar(2),
        lnr integer,
        "lnr-fl" integer,
        menge integer,
        pkz varchar(3),
        "pos_" integer,
        spl varchar(2),
        status varchar(1),
        textzeilen integer,
        "vk-wert" numeric(9,2),
        wt varchar(1),
        "zus %" varchar(3),
        aufnr varchar(5),
        "bes-nr" varchar(5),
        recnr varchar(5),
        aufdat varchar(8),
        "bes-dat" varchar(8),
        "ek-redat" varchar(8),
        id bigint generated by default as identity,
        "ken-fl" varchar(8),
        recdat varchar(8),
        "ek-renr" varchar(10),
        beschreibung varchar(40),
        "sdps fla uuid" varchar(40),
        "sdps job uuid" varchar(40),
        "ek bemerkungen 1" varchar(60),
        "ek bemerkungen 2" varchar(60),
        primary key (id)
    )
Hibernate: 
    create table hsg70f (
        "cus_no_" integer,
        "d_c_no_" integer,
        kzl varchar(3),
        status varchar(1),
        "d_c_fn_" varchar(5),
        "r_nr_" varchar(5),
        id bigint generated by default as identity,
        "r_dat" varchar(8),
        "rep_dat_" varchar(8),
        "fgnr_" varchar(17),
        primary key (id)
    )
Hibernate: 
    create table hsg71lf2 (
        anhang varchar(1),
        "anz_ fehler" integer,
        "ausl#nder" varchar(1),
        bereich varchar(1),
        "km-stand" integer,
        pakz varchar(3),
        "produkt-typ" integer,
        "rep_-datum" integer,
        "status code sde" integer,
        wete varchar(1),
        "zul_-datum" integer,
        "auftrags-nr_" varchar(5),
        "rech_-nr_" varchar(5),
        "kd-nr_" varchar(6),
        "chassis-nr_" varchar(7),
        "claim-nr_" varchar(8),
        "claim-nr_ sde" varchar(8),
        id bigint generated by default as identity,
        "rech_-datum" varchar(8),
        "auf_nr_" varchar(10),
        kennzeichen varchar(10),
        "kd-name" varchar(30),
        primary key (id)
    )
Hibernate: 
    create table hsg73pf (
        "action code" integer,
        anhang varchar(1),
        "beantr_ mat_" numeric(11,2),
        "beantrg_ arb_" numeric(11,2),
        "beantrg_ spez_" numeric(11,2),
        bereich varchar(1),
        "bew_ code1" varchar(2),
        "bew_ code2" integer,
        "bew_ datum" integer,
        "claim-art" integer,
        "erg_code" varchar(2),
        explanation1 varchar(2),
        fault1 varchar(2),
        "fehler-nr_" varchar(2),
        "fehler-nr_ sde" varchar(2),
        "feldtest-nr_" integer,
        "folge-nr_" varchar(2),
        hauptgruppe varchar(2),
        nebengruppe varchar(2),
        pakz varchar(3),
        reply1 varchar(2),
        result1 varchar(2),
        "schad_-c1" varchar(2),
        "schad_-c2" varchar(2),
        "status code" integer,
        "steuer code" varchar(2),
        "v_-km-stand" integer,
        "v_-rep_-datum" integer,
        "variant code" integer,
        "verg_ arb_" integer,
        "verg_ mat_" integer,
        "verg_ spez_" integer,
        "auftrags-nr_" varchar(5),
        complain varchar(5),
        explanation2 varchar(5),
        failure varchar(5),
        fault2 varchar(5),
        location varchar(5),
        "rech_-nr_" varchar(5),
        repair varchar(5),
        reply2 varchar(5),
        result2 varchar(5),
        source varchar(5),
        symptom varchar(5),
        "claim-nr_" varchar(8),
        id bigint generated by default as identity,
        "kampagnen-nr_" varchar(8),
        "rech_-datum" varchar(8),
        "fehler-teil" varchar(18),
        eps varchar(20),
        text1 varchar(65),
        text2 varchar(65),
        text3 varchar(65),
        text4 varchar(65),
        primary key (id)
    )
2026-02-26T14:35:20.369+05:30  INFO 46642 --- [warranty-claim-management] [           main] j.LocalContainerEntityManagerFactoryBean : Initialized JPA EntityManagerFactory for persistence unit 'default'
2026-02-26T14:35:20.475+05:30  INFO 46642 --- [warranty-claim-management] [           main] s.w.s.ClaimCreationValidationServiceTest : Started ClaimCreationValidationServiceTest in 0.283 seconds (process running for 3.376)
Hibernate: 
    select
        c1_0.id,
        c1_0.anhang,
        c1_0."anz_ fehler",
        c1_0."auf_nr_",
        c1_0."auftrags-nr_",
        c1_0."ausl#nder",
        c1_0.bereich,
        c1_0."chassis-nr_",
        c1_0."claim-nr_",
        c1_0."claim-nr_ sde",
        c1_0."kd-name",
        c1_0."kd-nr_",
        c1_0.kennzeichen,
        c1_0."km-stand",
        c1_0.pakz,
        c1_0."produkt-typ",
        c1_0."rech_-datum",
        c1_0."rech_-nr_",
        c1_0."rep_-datum",
        c1_0."status code sde",
        c1_0.wete,
        c1_0."zul_-datum" 
    from
        hsg71lf2 c1_0
Hibernate: 
    select
        ce1_0.id,
        ce1_0."action code",
        ce1_0.anhang,
        ce1_0."auftrags-nr_",
        ce1_0."beantr_ mat_",
        ce1_0."beantrg_ arb_",
        ce1_0."beantrg_ spez_",
        ce1_0.bereich,
        ce1_0."bew_ code1",
        ce1_0."bew_ code2",
        ce1_0."bew_ datum",
        ce1_0."claim-art",
        ce1_0."claim-nr_",
        ce1_0.complain,
        ce1_0.eps,
        ce1_0."erg_code",
        ce1_0.explanation1,
        ce1_0.explanation2,
        ce1_0.failure,
        ce1_0.fault1,
        ce1_0.fault2,
        ce1_0."fehler-nr_",
        ce1_0."fehler-nr_ sde",
        ce1_0."fehler-teil",
        ce1_0."feldtest-nr_",
        ce1_0."folge-nr_",
        ce1_0.hauptgruppe,
        ce1_0."kampagnen-nr_",
        ce1_0.location,
        ce1_0.nebengruppe,
        ce1_0.pakz,
        ce1_0."rech_-datum",
        ce1_0."rech_-nr_",
        ce1_0.repair,
        ce1_0.reply1,
        ce1_0.reply2,
        ce1_0.result1,
        ce1_0.result2,
        ce1_0."schad_-c1",
        ce1_0."schad_-c2",
        ce1_0.source,
        ce1_0."status code",
        ce1_0."steuer code",
        ce1_0.symptom,
        ce1_0.text1,
        ce1_0.text2,
        ce1_0.text3,
        ce1_0.text4,
        ce1_0."v_-km-stand",
        ce1_0."v_-rep_-datum",
        ce1_0."variant code",
        ce1_0."verg_ arb_",
        ce1_0."verg_ mat_",
        ce1_0."verg_ spez_" 
    from
        hsg73pf ce1_0
Hibernate: 
    select
        i1_0.id,
        i1_0.adat,
        i1_0."an-tag",
        i1_0."an-zeit",
        i1_0.anr,
        i1_0.anrede,
        i1_0."assi-vorgang-nr",
        i1_0.atext,
        i1_0.au,
        i1_0.aufbauart,
        i1_0."ba-schl�ssel",
        i1_0.berater,
        i1_0.berei,
        i1_0."besteller kunde",
        i1_0.bfort,
        i1_0.bj,
        i1_0."bonit#t",
        i1_0.branch,
        i1_0.branche,
        i1_0.dokumentennummer,
        i1_0."eg-umsatz",
        i1_0.einsatzart,
        i1_0."euro-norm",
        i1_0."fahrg_-nr_",
        i1_0."fahrzeug-art",
        i1_0."f:b>0",
        i1_0."fert-tag",
        i1_0."fert-zeit",
        i1_0."fibu interim",
        i1_0."fibu mwst",
        i1_0."fibu mwst at",
        i1_0."f:v>0",
        i1_0.ga,
        i1_0."ga-�bern_",
        i1_0.hersteller,
        i1_0."hersteller aufbau",
        i1_0."hersteller zusatz 1",
        i1_0."hersteller zusatz 2",
        i1_0."hersteller zusatz 3",
        i1_0.hu,
        i1_0."is-art",
        i1_0."kampagne-nr",
        i1_0."ken-av",
        i1_0."ken-pe",
        i1_0."kl-ausnahme idnr",
        i1_0."kl-ausnahme klartext",
        i1_0."kl-erweiterung",
        i1_0."klr-berech",
        i1_0."klr-betrag",
        i1_0.km,
        i1_0."kor-bez-re",
        i1_0."kor-bez-redat",
        i1_0."kostencode konzint_",
        i1_0."kst int auf_",
        i1_0."kst lohn",
        i1_0."kst teile",
        i1_0."kto intauf_",
        i1_0."ktr int auf_",
        i1_0."kunden-nr_",
        i1_0.kz,
        i1_0."kz s",
        i1_0."l_rnr",
        i1_0.land,
        i1_0.leitzahl,
        i1_0."mail cc",
        i1_0."mail to",
        i1_0.match,
        i1_0."motor-nr",
        i1_0."motor-typ",
        i1_0."mwst %",
        i1_0."mwst % r_",
        i1_0."mwst y/n",
        i1_0.name,
        i1_0.ort,
        i1_0.pakz,
        i1_0.partikelfilter,
        i1_0.plz,
        i1_0."prod-code",
        i1_0.projekt,
        i1_0.rc,
        i1_0.rdat,
        i1_0."re anrede",
        i1_0."re bonit#t",
        i1_0."re branche",
        i1_0."re kunden-nr_",
        i1_0."re land",
        i1_0."re match",
        i1_0."re name",
        i1_0."re ort",
        i1_0."re plz",
        i1_0."re rc",
        i1_0."re strasse",
        i1_0."re tele_",
        i1_0."re valuta",
        i1_0."re zart",
        i1_0.reserve,
        i1_0."rg-nr_ 10a",
        i1_0."rgs basis at",
        i1_0."rgs basis mwst",
        i1_0."rgs ges brutto",
        i1_0."rgs mwst",
        i1_0."rgs mwst at",
        i1_0."rgs netto",
        i1_0.rnr,
        i1_0."r&w freigabe-nr",
        i1_0.sp,
        i1_0."spez-code",
        i1_0.splitt,
        i1_0."spo order",
        i1_0."steuerfrei drittland",
        i1_0."sto-bez-re",
        i1_0."sto-bez-redat",
        i1_0.strasse,
        i1_0.tacho,
        i1_0.telefon,
        i1_0."tx_anf",
        i1_0."tx_ende",
        i1_0.typ,
        i1_0."user auftrag",
        i1_0."user rechnung",
        i1_0."ust-id-nr/ok",
        i1_0.valuta,
        i1_0."verbucht?",
        i1_0."wkt-id",
        i1_0."wrg_",
        i1_0."w/t",
        i1_0."zaga-gueltig",
        i1_0.zahlungsart,
        i1_0.zdat,
        i1_0."zusatzausr�stung 1",
        i1_0."zusatzausr�stung 2",
        i1_0."zusatzausr�stung 3" 
    from
        hsahklf3 i1_0
Hibernate: 
    select
        c1_0.id,
        c1_0.anhang,
        c1_0."anz_ fehler",
        c1_0."auf_nr_",
        c1_0."auftrags-nr_",
        c1_0."ausl#nder",
        c1_0.bereich,
        c1_0."chassis-nr_",
        c1_0."claim-nr_",
        c1_0."claim-nr_ sde",
        c1_0."kd-name",
        c1_0."kd-nr_",
        c1_0.kennzeichen,
        c1_0."km-stand",
        c1_0.pakz,
        c1_0."produkt-typ",
        c1_0."rech_-datum",
        c1_0."rech_-nr_",
        c1_0."rep_-datum",
        c1_0."status code sde",
        c1_0.wete,
        c1_0."zul_-datum" 
    from
        hsg71lf2 c1_0 
    where
        c1_0.pakz=? 
        and c1_0."claim-nr_"=?
]]></system-out>
  </testcase>
  <testcase name="shouldSucceedWhenClaimHasAtLeastOneFailure" classname="com.scania.warranty.service.ClaimCreationValidationServiceTest$TransmissionValidation" time="0.009">
    <system-out><![CDATA[Hibernate: 
    select
        c1_0.id,
        c1_0.anhang,
        c1_0."anz_ fehler",
        c1_0."auf_nr_",
        c1_0."auftrags-nr_",
        c1_0."ausl#nder",
        c1_0.bereich,
        c1_0."chassis-nr_",
        c1_0."claim-nr_",
        c1_0."claim-nr_ sde",
        c1_0."kd-name",
        c1_0."kd-nr_",
        c1_0.kennzeichen,
        c1_0."km-stand",
        c1_0.pakz,
        c1_0."produkt-typ",
        c1_0."rech_-datum",
        c1_0."rech_-nr_",
        c1_0."rep_-datum",
        c1_0."status code sde",
        c1_0.wete,
        c1_0."zul_-datum" 
    from
        hsg71lf2 c1_0
Hibernate: 
    select
        ce1_0.id,
        ce1_0."action code",
        ce1_0.anhang,
        ce1_0."auftrags-nr_",
        ce1_0."beantr_ mat_",
        ce1_0."beantrg_ arb_",
        ce1_0."beantrg_ spez_",
        ce1_0.bereich,
        ce1_0."bew_ code1",
        ce1_0."bew_ code2",
        ce1_0."bew_ datum",
        ce1_0."claim-art",
        ce1_0."claim-nr_",
        ce1_0.complain,
        ce1_0.eps,
        ce1_0."erg_code",
        ce1_0.explanation1,
        ce1_0.explanation2,
        ce1_0.failure,
        ce1_0.fault1,
        ce1_0.fault2,
        ce1_0."fehler-nr_",
        ce1_0."fehler-nr_ sde",
        ce1_0."fehler-teil",
        ce1_0."feldtest-nr_",
        ce1_0."folge-nr_",
        ce1_0.hauptgruppe,
        ce1_0."kampagnen-nr_",
        ce1_0.location,
        ce1_0.nebengruppe,
        ce1_0.pakz,
        ce1_0."rech_-datum",
        ce1_0."rech_-nr_",
        ce1_0.repair,
        ce1_0.reply1,
        ce1_0.reply2,
        ce1_0.result1,
        ce1_0.result2,
        ce1_0."schad_-c1",
        ce1_0."schad_-c2",
        ce1_0.source,
        ce1_0."status code",
        ce1_0."steuer code",
        ce1_0.symptom,
        ce1_0.text1,
        ce1_0.text2,
        ce1_0.text3,
        ce1_0.text4,
        ce1_0."v_-km-stand",
        ce1_0."v_-rep_-datum",
        ce1_0."variant code",
        ce1_0."verg_ arb_",
        ce1_0."verg_ mat_",
        ce1_0."verg_ spez_" 
    from
        hsg73pf ce1_0
Hibernate: 
    select
        i1_0.id,
        i1_0.adat,
        i1_0."an-tag",
        i1_0."an-zeit",
        i1_0.anr,
        i1_0.anrede,
        i1_0."assi-vorgang-nr",
        i1_0.atext,
        i1_0.au,
        i1_0.aufbauart,
        i1_0."ba-schl�ssel",
        i1_0.berater,
        i1_0.berei,
        i1_0."besteller kunde",
        i1_0.bfort,
        i1_0.bj,
        i1_0."bonit#t",
        i1_0.branch,
        i1_0.branche,
        i1_0.dokumentennummer,
        i1_0."eg-umsatz",
        i1_0.einsatzart,
        i1_0."euro-norm",
        i1_0."fahrg_-nr_",
        i1_0."fahrzeug-art",
        i1_0."f:b>0",
        i1_0."fert-tag",
        i1_0."fert-zeit",
        i1_0."fibu interim",
        i1_0."fibu mwst",
        i1_0."fibu mwst at",
        i1_0."f:v>0",
        i1_0.ga,
        i1_0."ga-�bern_",
        i1_0.hersteller,
        i1_0."hersteller aufbau",
        i1_0."hersteller zusatz 1",
        i1_0."hersteller zusatz 2",
        i1_0."hersteller zusatz 3",
        i1_0.hu,
        i1_0."is-art",
        i1_0."kampagne-nr",
        i1_0."ken-av",
        i1_0."ken-pe",
        i1_0."kl-ausnahme idnr",
        i1_0."kl-ausnahme klartext",
        i1_0."kl-erweiterung",
        i1_0."klr-berech",
        i1_0."klr-betrag",
        i1_0.km,
        i1_0."kor-bez-re",
        i1_0."kor-bez-redat",
        i1_0."kostencode konzint_",
        i1_0."kst int auf_",
        i1_0."kst lohn",
        i1_0."kst teile",
        i1_0."kto intauf_",
        i1_0."ktr int auf_",
        i1_0."kunden-nr_",
        i1_0.kz,
        i1_0."kz s",
        i1_0."l_rnr",
        i1_0.land,
        i1_0.leitzahl,
        i1_0."mail cc",
        i1_0."mail to",
        i1_0.match,
        i1_0."motor-nr",
        i1_0."motor-typ",
        i1_0."mwst %",
        i1_0."mwst % r_",
        i1_0."mwst y/n",
        i1_0.name,
        i1_0.ort,
        i1_0.pakz,
        i1_0.partikelfilter,
        i1_0.plz,
        i1_0."prod-code",
        i1_0.projekt,
        i1_0.rc,
        i1_0.rdat,
        i1_0."re anrede",
        i1_0."re bonit#t",
        i1_0."re branche",
        i1_0."re kunden-nr_",
        i1_0."re land",
        i1_0."re match",
        i1_0."re name",
        i1_0."re ort",
        i1_0."re plz",
        i1_0."re rc",
        i1_0."re strasse",
        i1_0."re tele_",
        i1_0."re valuta",
        i1_0."re zart",
        i1_0.reserve,
        i1_0."rg-nr_ 10a",
        i1_0."rgs basis at",
        i1_0."rgs basis mwst",
        i1_0."rgs ges brutto",
        i1_0."rgs mwst",
        i1_0."rgs mwst at",
        i1_0."rgs netto",
        i1_0.rnr,
        i1_0."r&w freigabe-nr",
        i1_0.sp,
        i1_0."spez-code",
        i1_0.splitt,
        i1_0."spo order",
        i1_0."steuerfrei drittland",
        i1_0."sto-bez-re",
        i1_0."sto-bez-redat",
        i1_0.strasse,
        i1_0.tacho,
        i1_0.telefon,
        i1_0."tx_anf",
        i1_0."tx_ende",
        i1_0.typ,
        i1_0."user auftrag",
        i1_0."user rechnung",
        i1_0."ust-id-nr/ok",
        i1_0.valuta,
        i1_0."verbucht?",
        i1_0."wkt-id",
        i1_0."wrg_",
        i1_0."w/t",
        i1_0."zaga-gueltig",
        i1_0.zahlungsart,
        i1_0.zdat,
        i1_0."zusatzausr�stung 1",
        i1_0."zusatzausr�stung 2",
        i1_0."zusatzausr�stung 3" 
    from
        hsahklf3 i1_0
Hibernate: 
    insert 
    into
        hsahklf3
        (adat, "an-tag", "an-zeit", anr, anrede, "assi-vorgang-nr", atext, au, aufbauart, "ba-schl�ssel", berater, berei, "besteller kunde", bfort, bj, "bonit#t", branch, branche, dokumentennummer, "eg-umsatz", einsatzart, "euro-norm", "fahrg_-nr_", "fahrzeug-art", "f:b>0", "fert-tag", "fert-zeit", "fibu interim", "fibu mwst", "fibu mwst at", "f:v>0", ga, "ga-�bern_", hersteller, "hersteller aufbau", "hersteller zusatz 1", "hersteller zusatz 2", "hersteller zusatz 3", hu, "is-art", "kampagne-nr", "ken-av", "ken-pe", "kl-ausnahme idnr", "kl-ausnahme klartext", "kl-erweiterung", "klr-berech", "klr-betrag", km, "kor-bez-re", "kor-bez-redat", "kostencode konzint_", "kst int auf_", "kst lohn", "kst teile", "kto intauf_", "ktr int auf_", "kunden-nr_", kz, "kz s", "l_rnr", land, leitzahl, "mail cc", "mail to", match, "motor-nr", "motor-typ", "mwst %", "mwst % r_", "mwst y/n", name, ort, pakz, partikelfilter, plz, "prod-code", projekt, rc, rdat, "re anrede", "re bonit#t", "re branche", "re kunden-nr_", "re land", "re match", "re name", "re ort", "re plz", "re rc", "re strasse", "re tele_", "re valuta", "re zart", reserve, "rg-nr_ 10a", "rgs basis at", "rgs basis mwst", "rgs ges brutto", "rgs mwst", "rgs mwst at", "rgs netto", rnr, "r&w freigabe-nr", sp, "spez-code", splitt, "spo order", "steuerfrei drittland", "sto-bez-re", "sto-bez-redat", strasse, tacho, telefon, "tx_anf", "tx_ende", typ, "user auftrag", "user rechnung", "ust-id-nr/ok", valuta, "verbucht?", "wkt-id", "wrg_", "w/t", "zaga-gueltig", zahlungsart, zdat, "zusatzausr�stung 1", "zusatzausr�stung 2", "zusatzausr�stung 3", id) 
    values
        (?, ?, ?, ?, ?, ?, ?, ?, ?, ?, ?, ?, ?, ?, ?, ?, ?, ?, ?, ?, ?, ?, ?, ?, ?, ?, ?, ?, ?, ?, ?, ?, ?, ?, ?, ?, ?, ?, ?, ?, ?, ?, ?, ?, ?, ?, ?, ?, ?, ?, ?, ?, ?, ?, ?, ?, ?, ?, ?, ?, ?, ?, ?, ?, ?, ?, ?, ?, ?, ?, ?, ?, ?, ?, ?, ?, ?, ?, ?, ?, ?, ?, ?, ?, ?, ?, ?, ?, ?, ?, ?, ?, ?, ?, ?, ?, ?, ?, ?, ?, ?, ?, ?, ?, ?, ?, ?, ?, ?, ?, ?, ?, ?, ?, ?, ?, ?, ?, ?, ?, ?, ?, ?, ?, ?, ?, ?, ?, ?, ?, ?, default)
Hibernate: 
    insert 
    into
        hsg71lf2
        (anhang, "anz_ fehler", "auf_nr_", "auftrags-nr_", "ausl#nder", bereich, "chassis-nr_", "claim-nr_", "claim-nr_ sde", "kd-name", "kd-nr_", kennzeichen, "km-stand", pakz, "produkt-typ", "rech_-datum", "rech_-nr_", "rep_-datum", "status code sde", wete, "zul_-datum", id) 
    values
        (?, ?, ?, ?, ?, ?, ?, ?, ?, ?, ?, ?, ?, ?, ?, ?, ?, ?, ?, ?, ?, default)
Hibernate: 
    insert 
    into
        hsg73pf
        ("action code", anhang, "auftrags-nr_", "beantr_ mat_", "beantrg_ arb_", "beantrg_ spez_", bereich, "bew_ code1", "bew_ code2", "bew_ datum", "claim-art", "claim-nr_", complain, eps, "erg_code", explanation1, explanation2, failure, fault1, fault2, "fehler-nr_", "fehler-nr_ sde", "fehler-teil", "feldtest-nr_", "folge-nr_", hauptgruppe, "kampagnen-nr_", location, nebengruppe, pakz, "rech_-datum", "rech_-nr_", repair, reply1, reply2, result1, result2, "schad_-c1", "schad_-c2", source, "status code", "steuer code", symptom, text1, text2, text3, text4, "v_-km-stand", "v_-rep_-datum", "variant code", "verg_ arb_", "verg_ mat_", "verg_ spez_", id) 
    values
        (?, ?, ?, ?, ?, ?, ?, ?, ?, ?, ?, ?, ?, ?, ?, ?, ?, ?, ?, ?, ?, ?, ?, ?, ?, ?, ?, ?, ?, ?, ?, ?, ?, ?, ?, ?, ?, ?, ?, ?, ?, ?, ?, ?, ?, ?, ?, ?, ?, ?, ?, ?, ?, default)
Hibernate: 
    select
        c1_0.id,
        c1_0.anhang,
        c1_0."anz_ fehler",
        c1_0."auf_nr_",
        c1_0."auftrags-nr_",
        c1_0."ausl#nder",
        c1_0.bereich,
        c1_0."chassis-nr_",
        c1_0."claim-nr_",
        c1_0."claim-nr_ sde",
        c1_0."kd-name",
        c1_0."kd-nr_",
        c1_0.kennzeichen,
        c1_0."km-stand",
        c1_0.pakz,
        c1_0."produkt-typ",
        c1_0."rech_-datum",
        c1_0."rech_-nr_",
        c1_0."rep_-datum",
        c1_0."status code sde",
        c1_0.wete,
        c1_0."zul_-datum" 
    from
        hsg71lf2 c1_0 
    where
        c1_0.pakz=? 
        and c1_0."claim-nr_"=?
Hibernate: 
    select
        ce1_0.id,
        ce1_0."action code",
        ce1_0.anhang,
        ce1_0."auftrags-nr_",
        ce1_0."beantr_ mat_",
        ce1_0."beantrg_ arb_",
        ce1_0."beantrg_ spez_",
        ce1_0.bereich,
        ce1_0."bew_ code1",
        ce1_0."bew_ code2",
        ce1_0."bew_ datum",
        ce1_0."claim-art",
        ce1_0."claim-nr_",
        ce1_0.complain,
        ce1_0.eps,
        ce1_0."erg_code",
        ce1_0.explanation1,
        ce1_0.explanation2,
        ce1_0.failure,
        ce1_0.fault1,
        ce1_0.fault2,
        ce1_0."fehler-nr_",
        ce1_0."fehler-nr_ sde",
        ce1_0."fehler-teil",
        ce1_0."feldtest-nr_",
        ce1_0."folge-nr_",
        ce1_0.hauptgruppe,
        ce1_0."kampagnen-nr_",
        ce1_0.location,
        ce1_0.nebengruppe,
        ce1_0.pakz,
        ce1_0."rech_-datum",
        ce1_0."rech_-nr_",
        ce1_0.repair,
        ce1_0.reply1,
        ce1_0.reply2,
        ce1_0.result1,
        ce1_0.result2,
        ce1_0."schad_-c1",
        ce1_0."schad_-c2",
        ce1_0.source,
        ce1_0."status code",
        ce1_0."steuer code",
        ce1_0.symptom,
        ce1_0.text1,
        ce1_0.text2,
        ce1_0.text3,
        ce1_0.text4,
        ce1_0."v_-km-stand",
        ce1_0."v_-rep_-datum",
        ce1_0."variant code",
        ce1_0."verg_ arb_",
        ce1_0."verg_ mat_",
        ce1_0."verg_ spez_" 
    from
        hsg73pf ce1_0 
    where
        ce1_0.pakz=? 
        and ce1_0."claim-nr_"=?
]]></system-out>
  </testcase>
  <testcase name="shouldFailWhenClaimHasNoFailures" classname="com.scania.warranty.service.ClaimCreationValidationServiceTest$TransmissionValidation" time="0.007">
    <system-out><![CDATA[Hibernate: 
    select
        c1_0.id,
        c1_0.anhang,
        c1_0."anz_ fehler",
        c1_0."auf_nr_",
        c1_0."auftrags-nr_",
        c1_0."ausl#nder",
        c1_0.bereich,
        c1_0."chassis-nr_",
        c1_0."claim-nr_",
        c1_0."claim-nr_ sde",
        c1_0."kd-name",
        c1_0."kd-nr_",
        c1_0.kennzeichen,
        c1_0."km-stand",
        c1_0.pakz,
        c1_0."produkt-typ",
        c1_0."rech_-datum",
        c1_0."rech_-nr_",
        c1_0."rep_-datum",
        c1_0."status code sde",
        c1_0.wete,
        c1_0."zul_-datum" 
    from
        hsg71lf2 c1_0
Hibernate: 
    select
        ce1_0.id,
        ce1_0."action code",
        ce1_0.anhang,
        ce1_0."auftrags-nr_",
        ce1_0."beantr_ mat_",
        ce1_0."beantrg_ arb_",
        ce1_0."beantrg_ spez_",
        ce1_0.bereich,
        ce1_0."bew_ code1",
        ce1_0."bew_ code2",
        ce1_0."bew_ datum",
        ce1_0."claim-art",
        ce1_0."claim-nr_",
        ce1_0.complain,
        ce1_0.eps,
        ce1_0."erg_code",
        ce1_0.explanation1,
        ce1_0.explanation2,
        ce1_0.failure,
        ce1_0.fault1,
        ce1_0.fault2,
        ce1_0."fehler-nr_",
        ce1_0."fehler-nr_ sde",
        ce1_0."fehler-teil",
        ce1_0."feldtest-nr_",
        ce1_0."folge-nr_",
        ce1_0.hauptgruppe,
        ce1_0."kampagnen-nr_",
        ce1_0.location,
        ce1_0.nebengruppe,
        ce1_0.pakz,
        ce1_0."rech_-datum",
        ce1_0."rech_-nr_",
        ce1_0.repair,
        ce1_0.reply1,
        ce1_0.reply2,
        ce1_0.result1,
        ce1_0.result2,
        ce1_0."schad_-c1",
        ce1_0."schad_-c2",
        ce1_0.source,
        ce1_0."status code",
        ce1_0."steuer code",
        ce1_0.symptom,
        ce1_0.text1,
        ce1_0.text2,
        ce1_0.text3,
        ce1_0.text4,
        ce1_0."v_-km-stand",
        ce1_0."v_-rep_-datum",
        ce1_0."variant code",
        ce1_0."verg_ arb_",
        ce1_0."verg_ mat_",
        ce1_0."verg_ spez_" 
    from
        hsg73pf ce1_0
Hibernate: 
    select
        i1_0.id,
        i1_0.adat,
        i1_0."an-tag",
        i1_0."an-zeit",
        i1_0.anr,
        i1_0.anrede,
        i1_0."assi-vorgang-nr",
        i1_0.atext,
        i1_0.au,
        i1_0.aufbauart,
        i1_0."ba-schl�ssel",
        i1_0.berater,
        i1_0.berei,
        i1_0."besteller kunde",
        i1_0.bfort,
        i1_0.bj,
        i1_0."bonit#t",
        i1_0.branch,
        i1_0.branche,
        i1_0.dokumentennummer,
        i1_0."eg-umsatz",
        i1_0.einsatzart,
        i1_0."euro-norm",
        i1_0."fahrg_-nr_",
        i1_0."fahrzeug-art",
        i1_0."f:b>0",
        i1_0."fert-tag",
        i1_0."fert-zeit",
        i1_0."fibu interim",
        i1_0."fibu mwst",
        i1_0."fibu mwst at",
        i1_0."f:v>0",
        i1_0.ga,
        i1_0."ga-�bern_",
        i1_0.hersteller,
        i1_0."hersteller aufbau",
        i1_0."hersteller zusatz 1",
        i1_0."hersteller zusatz 2",
        i1_0."hersteller zusatz 3",
        i1_0.hu,
        i1_0."is-art",
        i1_0."kampagne-nr",
        i1_0."ken-av",
        i1_0."ken-pe",
        i1_0."kl-ausnahme idnr",
        i1_0."kl-ausnahme klartext",
        i1_0."kl-erweiterung",
        i1_0."klr-berech",
        i1_0."klr-betrag",
        i1_0.km,
        i1_0."kor-bez-re",
        i1_0."kor-bez-redat",
        i1_0."kostencode konzint_",
        i1_0."kst int auf_",
        i1_0."kst lohn",
        i1_0."kst teile",
        i1_0."kto intauf_",
        i1_0."ktr int auf_",
        i1_0."kunden-nr_",
        i1_0.kz,
        i1_0."kz s",
        i1_0."l_rnr",
        i1_0.land,
        i1_0.leitzahl,
        i1_0."mail cc",
        i1_0."mail to",
        i1_0.match,
        i1_0."motor-nr",
        i1_0."motor-typ",
        i1_0."mwst %",
        i1_0."mwst % r_",
        i1_0."mwst y/n",
        i1_0.name,
        i1_0.ort,
        i1_0.pakz,
        i1_0.partikelfilter,
        i1_0.plz,
        i1_0."prod-code",
        i1_0.projekt,
        i1_0.rc,
        i1_0.rdat,
        i1_0."re anrede",
        i1_0."re bonit#t",
        i1_0."re branche",
        i1_0."re kunden-nr_",
        i1_0."re land",
        i1_0."re match",
        i1_0."re name",
        i1_0."re ort",
        i1_0."re plz",
        i1_0."re rc",
        i1_0."re strasse",
        i1_0."re tele_",
        i1_0."re valuta",
        i1_0."re zart",
        i1_0.reserve,
        i1_0."rg-nr_ 10a",
        i1_0."rgs basis at",
        i1_0."rgs basis mwst",
        i1_0."rgs ges brutto",
        i1_0."rgs mwst",
        i1_0."rgs mwst at",
        i1_0."rgs netto",
        i1_0.rnr,
        i1_0."r&w freigabe-nr",
        i1_0.sp,
        i1_0."spez-code",
        i1_0.splitt,
        i1_0."spo order",
        i1_0."steuerfrei drittland",
        i1_0."sto-bez-re",
        i1_0."sto-bez-redat",
        i1_0.strasse,
        i1_0.tacho,
        i1_0.telefon,
        i1_0."tx_anf",
        i1_0."tx_ende",
        i1_0.typ,
        i1_0."user auftrag",
        i1_0."user rechnung",
        i1_0."ust-id-nr/ok",
        i1_0.valuta,
        i1_0."verbucht?",
        i1_0."wkt-id",
        i1_0."wrg_",
        i1_0."w/t",
        i1_0."zaga-gueltig",
        i1_0.zahlungsart,
        i1_0.zdat,
        i1_0."zusatzausr�stung 1",
        i1_0."zusatzausr�stung 2",
        i1_0."zusatzausr�stung 3" 
    from
        hsahklf3 i1_0
Hibernate: 
    insert 
    into
        hsahklf3
        (adat, "an-tag", "an-zeit", anr, anrede, "assi-vorgang-nr", atext, au, aufbauart, "ba-schl�ssel", berater, berei, "besteller kunde", bfort, bj, "bonit#t", branch, branche, dokumentennummer, "eg-umsatz", einsatzart, "euro-norm", "fahrg_-nr_", "fahrzeug-art", "f:b>0", "fert-tag", "fert-zeit", "fibu interim", "fibu mwst", "fibu mwst at", "f:v>0", ga, "ga-�bern_", hersteller, "hersteller aufbau", "hersteller zusatz 1", "hersteller zusatz 2", "hersteller zusatz 3", hu, "is-art", "kampagne-nr", "ken-av", "ken-pe", "kl-ausnahme idnr", "kl-ausnahme klartext", "kl-erweiterung", "klr-berech", "klr-betrag", km, "kor-bez-re", "kor-bez-redat", "kostencode konzint_", "kst int auf_", "kst lohn", "kst teile", "kto intauf_", "ktr int auf_", "kunden-nr_", kz, "kz s", "l_rnr", land, leitzahl, "mail cc", "mail to", match, "motor-nr", "motor-typ", "mwst %", "mwst % r_", "mwst y/n", name, ort, pakz, partikelfilter, plz, "prod-code", projekt, rc, rdat, "re anrede", "re bonit#t", "re branche", "re kunden-nr_", "re land", "re match", "re name", "re ort", "re plz", "re rc", "re strasse", "re tele_", "re valuta", "re zart", reserve, "rg-nr_ 10a", "rgs basis at", "rgs basis mwst", "rgs ges brutto", "rgs mwst", "rgs mwst at", "rgs netto", rnr, "r&w freigabe-nr", sp, "spez-code", splitt, "spo order", "steuerfrei drittland", "sto-bez-re", "sto-bez-redat", strasse, tacho, telefon, "tx_anf", "tx_ende", typ, "user auftrag", "user rechnung", "ust-id-nr/ok", valuta, "verbucht?", "wkt-id", "wrg_", "w/t", "zaga-gueltig", zahlungsart, zdat, "zusatzausr�stung 1", "zusatzausr�stung 2", "zusatzausr�stung 3", id) 
    values
        (?, ?, ?, ?, ?, ?, ?, ?, ?, ?, ?, ?, ?, ?, ?, ?, ?, ?, ?, ?, ?, ?, ?, ?, ?, ?, ?, ?, ?, ?, ?, ?, ?, ?, ?, ?, ?, ?, ?, ?, ?, ?, ?, ?, ?, ?, ?, ?, ?, ?, ?, ?, ?, ?, ?, ?, ?, ?, ?, ?, ?, ?, ?, ?, ?, ?, ?, ?, ?, ?, ?, ?, ?, ?, ?, ?, ?, ?, ?, ?, ?, ?, ?, ?, ?, ?, ?, ?, ?, ?, ?, ?, ?, ?, ?, ?, ?, ?, ?, ?, ?, ?, ?, ?, ?, ?, ?, ?, ?, ?, ?, ?, ?, ?, ?, ?, ?, ?, ?, ?, ?, ?, ?, ?, ?, ?, ?, ?, ?, ?, ?, default)
Hibernate: 
    insert 
    into
        hsg71lf2
        (anhang, "anz_ fehler", "auf_nr_", "auftrags-nr_", "ausl#nder", bereich, "chassis-nr_", "claim-nr_", "claim-nr_ sde", "kd-name", "kd-nr_", kennzeichen, "km-stand", pakz, "produkt-typ", "rech_-datum", "rech_-nr_", "rep_-datum", "status code sde", wete, "zul_-datum", id) 
    values
        (?, ?, ?, ?, ?, ?, ?, ?, ?, ?, ?, ?, ?, ?, ?, ?, ?, ?, ?, ?, ?, default)
Hibernate: 
    select
        c1_0.id,
        c1_0.anhang,
        c1_0."anz_ fehler",
        c1_0."auf_nr_",
        c1_0."auftrags-nr_",
        c1_0."ausl#nder",
        c1_0.bereich,
        c1_0."chassis-nr_",
        c1_0."claim-nr_",
        c1_0."claim-nr_ sde",
        c1_0."kd-name",
        c1_0."kd-nr_",
        c1_0.kennzeichen,
        c1_0."km-stand",
        c1_0.pakz,
        c1_0."produkt-typ",
        c1_0."rech_-datum",
        c1_0."rech_-nr_",
        c1_0."rep_-datum",
        c1_0."status code sde",
        c1_0.wete,
        c1_0."zul_-datum" 
    from
        hsg71lf2 c1_0 
    where
        c1_0.pakz=? 
        and c1_0."claim-nr_"=?
Hibernate: 
    select
        ce1_0.id,
        ce1_0."action code",
        ce1_0.anhang,
        ce1_0."auftrags-nr_",
        ce1_0."beantr_ mat_",
        ce1_0."beantrg_ arb_",
        ce1_0."beantrg_ spez_",
        ce1_0.bereich,
        ce1_0."bew_ code1",
        ce1_0."bew_ code2",
        ce1_0."bew_ datum",
        ce1_0."claim-art",
        ce1_0."claim-nr_",
        ce1_0.complain,
        ce1_0.eps,
        ce1_0."erg_code",
        ce1_0.explanation1,
        ce1_0.explanation2,
        ce1_0.failure,
        ce1_0.fault1,
        ce1_0.fault2,
        ce1_0."fehler-nr_",
        ce1_0."fehler-nr_ sde",
        ce1_0."fehler-teil",
        ce1_0."feldtest-nr_",
        ce1_0."folge-nr_",
        ce1_0.hauptgruppe,
        ce1_0."kampagnen-nr_",
        ce1_0.location,
        ce1_0.nebengruppe,
        ce1_0.pakz,
        ce1_0."rech_-datum",
        ce1_0."rech_-nr_",
        ce1_0.repair,
        ce1_0.reply1,
        ce1_0.reply2,
        ce1_0.result1,
        ce1_0.result2,
        ce1_0."schad_-c1",
        ce1_0."schad_-c2",
        ce1_0.source,
        ce1_0."status code",
        ce1_0."steuer code",
        ce1_0.symptom,
        ce1_0.text1,
        ce1_0.text2,
        ce1_0.text3,
        ce1_0.text4,
        ce1_0."v_-km-stand",
        ce1_0."v_-rep_-datum",
        ce1_0."variant code",
        ce1_0."verg_ arb_",
        ce1_0."verg_ mat_",
        ce1_0."verg_ spez_" 
    from
        hsg73pf ce1_0 
    where
        ce1_0.pakz=? 
        and ce1_0."claim-nr_"=?
]]></system-out>
  </testcase>
</testsuite>