<?xml version="1.0" encoding="UTF-8"?>
<testsuite xmlns:xsi="http://www.w3.org/2001/XMLSchema-instance" xsi:noNamespaceSchemaLocation="https://maven.apache.org/surefire/maven-surefire-plugin/xsd/surefire-test-report-3.0.xsd" version="3.0" name="com.scania.warranty.service.ClaimCreationValidationServiceTest$ClaimCreationValidation" time="0.053" tests="6" errors="0" skipped="0" failures="0">
  <properties>
[...]
</properties>
  <testcase name="shouldFailWhenWorkorderOlderThan19Days" classname="com.scania.warranty.service.ClaimCreationValidationServiceTest$ClaimCreationValidation" time="0.009">
    <system-out><![CDATA[2026-02-26T14:35:20.524+05:30  INFO 46642 --- [warranty-claim-management] [           main] t.c.s.AnnotationConfigContextLoaderUtils : Could not detect default configuration classes for test class [com.scania.warranty.service.ClaimCreationValidationServiceTest$ClaimCreationValidation]: ClaimCreationValidation does not declare any static, non-private, non-final, nested classes annotated with @Configuration.
2026-02-26T14:35:20.526+05:30  INFO 46642 --- [warranty-claim-management] [           main] .b.t.c.SpringBootTestContextBootstrapper : Found @SpringBootConfiguration com.scania.warranty.WarrantyApplication for test class com.scania.warranty.service.ClaimCreationValidationServiceTest$ClaimCreationValidation
Hibernate: 
    select
        c1_0.id,
        c1_0.anhang,
        c1_0."anz_ fehler",
        c1_0."auf_nr_",
        c1_0."auftrags-nr_",
        c1_0."ausl#nder",
        c1_0.bereich,
        c1_0."chassis-nr_",
        c1_0."claim-nr_",
        c1_0."claim-nr_ sde",
        c1_0."kd-name",
        c1_0."kd-nr_",
        c1_0.kennzeichen,
        c1_0."km-stand",
        c1_0.pakz,
        c1_0."produkt-typ",
        c1_0."rech_-datum",
        c1_0."rech_-nr_",
        c1_0."rep_-datum",
        c1_0."status code sde",
        c1_0.wete,
        c1_0."zul_-datum" 
    from
        hsg71lf2 c1_0
Hibernate: 
    select
        ce1_0.id,
        ce1_0."action code",
        ce1_0.anhang,
        ce1_0."auftrags-nr_",
        ce1_0."beantr_ mat_",
        ce1_0."beantrg_ arb_",
        ce1_0."beantrg_ spez_",
        ce1_0.bereich,
        ce1_0."bew_ code1",
        ce1_0."bew_ code2",
        ce1_0."bew_ datum",
        ce1_0."claim-art",
        ce1_0."claim-nr_",
        ce1_0.complain,
        ce1_0.eps,
        ce1_0."erg_code",
        ce1_0.explanation1,
        ce1_0.explanation2,
        ce1_0.failure,
        ce1_0.fault1,
        ce1_0.fault2,
        ce1_0."fehler-nr_",
        ce1_0."fehler-nr_ sde",
        ce1_0."fehler-teil",
        ce1_0."feldtest-nr_",
        ce1_0."folge-nr_",
        ce1_0.hauptgruppe,
        ce1_0."kampagnen-nr_",
        ce1_0.location,
        ce1_0.nebengruppe,
        ce1_0.pakz,
        ce1_0."rech_-datum",
        ce1_0."rech_-nr_",
        ce1_0.repair,
        ce1_0.reply1,
        ce1_0.reply2,
        ce1_0.result1,
        ce1_0.result2,
        ce1_0."schad_-c1",
        ce1_0."schad_-c2",
        ce1_0.source,
        ce1_0."status code",
        ce1_0."steuer code",
        ce1_0.symptom,
        ce1_0.text1,
        ce1_0.text2,
        ce1_0.text3,
        ce1_0.text4,
        ce1_0."v_-km-stand",
        ce1_0."v_-rep_-datum",
        ce1_0."variant code",
        ce1_0."verg_ arb_",
        ce1_0."verg_ mat_",
        ce1_0."verg_ spez_" 
    from
        hsg73pf ce1_0
Hibernate: 
    select
        i1_0.id,
        i1_0.adat,
        i1_0."an-tag",
        i1_0."an-zeit",
        i1_0.anr,
        i1_0.anrede,
        i1_0."assi-vorgang-nr",
        i1_0.atext,
        i1_0.au,
        i1_0.aufbauart,
        i1_0."ba-schl�ssel",
        i1_0.berater,
        i1_0.berei,
        i1_0."besteller kunde",
        i1_0.bfort,
        i1_0.bj,
        i1_0."bonit#t",
        i1_0.branch,
        i1_0.branche,
        i1_0.dokumentennummer,
        i1_0."eg-umsatz",
        i1_0.einsatzart,
        i1_0."euro-norm",
        i1_0."fahrg_-nr_",
        i1_0."fahrzeug-art",
        i1_0."f:b>0",
        i1_0."fert-tag",
        i1_0."fert-zeit",
        i1_0."fibu interim",
        i1_0."fibu mwst",
        i1_0."fibu mwst at",
        i1_0."f:v>0",
        i1_0.ga,
        i1_0."ga-�bern_",
        i1_0.hersteller,
        i1_0."hersteller aufbau",
        i1_0."hersteller zusatz 1",
        i1_0."hersteller zusatz 2",
        i1_0."hersteller zusatz 3",
        i1_0.hu,
        i1_0."is-art",
        i1_0."kampagne-nr",
        i1_0."ken-av",
        i1_0."ken-pe",
        i1_0."kl-ausnahme idnr",
        i1_0."kl-ausnahme klartext",
        i1_0."kl-erweiterung",
        i1_0."klr-berech",
        i1_0."klr-betrag",
        i1_0.km,
        i1_0."kor-bez-re",
        i1_0."kor-bez-redat",
        i1_0."kostencode konzint_",
        i1_0."kst int auf_",
        i1_0."kst lohn",
        i1_0."kst teile",
        i1_0."kto intauf_",
        i1_0."ktr int auf_",
        i1_0."kunden-nr_",
        i1_0.kz,
        i1_0."kz s",
        i1_0."l_rnr",
        i1_0.land,
        i1_0.leitzahl,
        i1_0."mail cc",
        i1_0."mail to",
        i1_0.match,
        i1_0."motor-nr",
        i1_0."motor-typ",
        i1_0."mwst %",
        i1_0."mwst % r_",
        i1_0."mwst y/n",
        i1_0.name,
        i1_0.ort,
        i1_0.pakz,
        i1_0.partikelfilter,
        i1_0.plz,
        i1_0."prod-code",
        i1_0.projekt,
        i1_0.rc,
        i1_0.rdat,
        i1_0."re anrede",
        i1_0."re bonit#t",
        i1_0."re branche",
        i1_0."re kunden-nr_",
        i1_0."re land",
        i1_0."re match",
        i1_0."re name",
        i1_0."re ort",
        i1_0."re plz",
        i1_0."re rc",
        i1_0."re strasse",
        i1_0."re tele_",
        i1_0."re valuta",
        i1_0."re zart",
        i1_0.reserve,
        i1_0."rg-nr_ 10a",
        i1_0."rgs basis at",
        i1_0."rgs basis mwst",
        i1_0."rgs ges brutto",
        i1_0."rgs mwst",
        i1_0."rgs mwst at",
        i1_0."rgs netto",
        i1_0.rnr,
        i1_0."r&w freigabe-nr",
        i1_0.sp,
        i1_0."spez-code",
        i1_0.splitt,
        i1_0."spo order",
        i1_0."steuerfrei drittland",
        i1_0."sto-bez-re",
        i1_0."sto-bez-redat",
        i1_0.strasse,
        i1_0.tacho,
        i1_0.telefon,
        i1_0."tx_anf",
        i1_0."tx_ende",
        i1_0.typ,
        i1_0."user auftrag",
        i1_0."user rechnung",
        i1_0."ust-id-nr/ok",
        i1_0.valuta,
        i1_0."verbucht?",
        i1_0."wkt-id",
        i1_0."wrg_",
        i1_0."w/t",
        i1_0."zaga-gueltig",
        i1_0.zahlungsart,
        i1_0.zdat,
        i1_0."zusatzausr�stung 1",
        i1_0."zusatzausr�stung 2",
        i1_0."zusatzausr�stung 3" 
    from
        hsahklf3 i1_0
Hibernate: 
    insert 
    into
        hsahklf3
        (adat, "an-tag", "an-zeit", anr, anrede, "assi-vorgang-nr", atext, au, aufbauart, "ba-schl�ssel", berater, berei, "besteller kunde", bfort, bj, "bonit#t", branch, branche, dokumentennummer, "eg-umsatz", einsatzart, "euro-norm", "fahrg_-nr_", "fahrzeug-art", "f:b>0", "fert-tag", "fert-zeit", "fibu interim", "fibu mwst", "fibu mwst at", "f:v>0", ga, "ga-�bern_", hersteller, "hersteller aufbau", "hersteller zusatz 1", "hersteller zusatz 2", "hersteller zusatz 3", hu, "is-art", "kampagne-nr", "ken-av", "ken-pe", "kl-ausnahme idnr", "kl-ausnahme klartext", "kl-erweiterung", "klr-berech", "klr-betrag", km, "kor-bez-re", "kor-bez-redat", "kostencode konzint_", "kst int auf_", "kst lohn", "kst teile", "kto intauf_", "ktr int auf_", "kunden-nr_", kz, "kz s", "l_rnr", land, leitzahl, "mail cc", "mail to", match, "motor-nr", "motor-typ", "mwst %", "mwst % r_", "mwst y/n", name, ort, pakz, partikelfilter, plz, "prod-code", projekt, rc, rdat, "re anrede", "re bonit#t", "re branche", "re kunden-nr_", "re land", "re match", "re name", "re ort", "re plz", "re rc", "re strasse", "re tele_", "re valuta", "re zart", reserve, "rg-nr_ 10a", "rgs basis at", "rgs basis mwst", "rgs ges brutto", "rgs mwst", "rgs mwst at", "rgs netto", rnr, "r&w freigabe-nr", sp, "spez-code", splitt, "spo order", "steuerfrei drittland", "sto-bez-re", "sto-bez-redat", strasse, tacho, telefon, "tx_anf", "tx_ende", typ, "user auftrag", "user rechnung", "ust-id-nr/ok", valuta, "verbucht?", "wkt-id", "wrg_", "w/t", "zaga-gueltig", zahlungsart, zdat, "zusatzausr�stung 1", "zusatzausr�stung 2", "zusatzausr�stung 3", id) 
    values
        (?, ?, ?, ?, ?, ?, ?, ?, ?, ?, ?, ?, ?, ?, ?, ?, ?, ?, ?, ?, ?, ?, ?, ?, ?, ?, ?, ?, ?, ?, ?, ?, ?, ?, ?, ?, ?, ?, ?, ?, ?, ?, ?, ?, ?, ?, ?, ?, ?, ?, ?, ?, ?, ?, ?, ?, ?, ?, ?, ?, ?, ?, ?, ?, ?, ?, ?, ?, ?, ?, ?, ?, ?, ?, ?, ?, ?, ?, ?, ?, ?, ?, ?, ?, ?, ?, ?, ?, ?, ?, ?, ?, ?, ?, ?, ?, ?, ?, ?, ?, ?, ?, ?, ?, ?, ?, ?, ?, ?, ?, ?, ?, ?, ?, ?, ?, ?, ?, ?, ?, ?, ?, ?, ?, ?, ?, ?, ?, ?, ?, ?, default)
Hibernate: 
    select
        i1_0.id,
        i1_0.adat,
        i1_0."an-tag",
        i1_0."an-zeit",
        i1_0.anr,
        i1_0.anrede,
        i1_0."assi-vorgang-nr",
        i1_0.atext,
        i1_0.au,
        i1_0.aufbauart,
        i1_0."ba-schl�ssel",
        i1_0.berater,
        i1_0.berei,
        i1_0."besteller kunde",
        i1_0.bfort,
        i1_0.bj,
        i1_0."bonit#t",
        i1_0.branch,
        i1_0.branche,
        i1_0.dokumentennummer,
        i1_0."eg-umsatz",
        i1_0.einsatzart,
        i1_0."euro-norm",
        i1_0."fahrg_-nr_",
        i1_0."fahrzeug-art",
        i1_0."f:b>0",
        i1_0."fert-tag",
        i1_0."fert-zeit",
        i1_0."fibu interim",
        i1_0."fibu mwst",
        i1_0."fibu mwst at",
        i1_0."f:v>0",
        i1_0.ga,
        i1_0."ga-�bern_",
        i1_0.hersteller,
        i1_0."hersteller aufbau",
        i1_0."hersteller zusatz 1",
        i1_0."hersteller zusatz 2",
        i1_0."hersteller zusatz 3",
        i1_0.hu,
        i1_0."is-art",
        i1_0."kampagne-nr",
        i1_0."ken-av",
        i1_0."ken-pe",
        i1_0."kl-ausnahme idnr",
        i1_0."kl-ausnahme klartext",
        i1_0."kl-erweiterung",
        i1_0."klr-berech",
        i1_0."klr-betrag",
        i1_0.km,
        i1_0."kor-bez-re",
        i1_0."kor-bez-redat",
        i1_0."kostencode konzint_",
        i1_0."kst int auf_",
        i1_0."kst lohn",
        i1_0."kst teile",
        i1_0."kto intauf_",
        i1_0."ktr int auf_",
        i1_0."kunden-nr_",
        i1_0.kz,
        i1_0."kz s",
        i1_0."l_rnr",
        i1_0.land,
        i1_0.leitzahl,
        i1_0."mail cc",
        i1_0."mail to",
        i1_0.match,
        i1_0."motor-nr",
        i1_0."motor-typ",
        i1_0."mwst %",
        i1_0."mwst % r_",
        i1_0."mwst y/n",
        i1_0.name,
        i1_0.ort,
        i1_0.pakz,
        i1_0.partikelfilter,
        i1_0.plz,
        i1_0."prod-code",
        i1_0.projekt,
        i1_0.rc,
        i1_0.rdat,
        i1_0."re anrede",
        i1_0."re bonit#t",
        i1_0."re branche",
        i1_0."re kunden-nr_",
        i1_0."re land",
        i1_0."re match",
        i1_0."re name",
        i1_0."re ort",
        i1_0."re plz",
        i1_0."re rc",
        i1_0."re strasse",
        i1_0."re tele_",
        i1_0."re valuta",
        i1_0."re zart",
        i1_0.reserve,
        i1_0."rg-nr_ 10a",
        i1_0."rgs basis at",
        i1_0."rgs basis mwst",
        i1_0."rgs ges brutto",
        i1_0."rgs mwst",
        i1_0."rgs mwst at",
        i1_0."rgs netto",
        i1_0.rnr,
        i1_0."r&w freigabe-nr",
        i1_0.sp,
        i1_0."spez-code",
        i1_0.splitt,
        i1_0."spo order",
        i1_0."steuerfrei drittland",
        i1_0."sto-bez-re",
        i1_0."sto-bez-redat",
        i1_0.strasse,
        i1_0.tacho,
        i1_0.telefon,
        i1_0."tx_anf",
        i1_0."tx_ende",
        i1_0.typ,
        i1_0."user auftrag",
        i1_0."user rechnung",
        i1_0."ust-id-nr/ok",
        i1_0.valuta,
        i1_0."verbucht?",
        i1_0."wkt-id",
        i1_0."wrg_",
        i1_0."w/t",
        i1_0."zaga-gueltig",
        i1_0.zahlungsart,
        i1_0.zdat,
        i1_0."zusatzausr�stung 1",
        i1_0."zusatzausr�stung 2",
        i1_0."zusatzausr�stung 3" 
    from
        hsahklf3 i1_0 
    where
        i1_0.pakz=? 
        and i1_0.rnr=? 
        and i1_0.rdat=? 
        and i1_0.anr=? 
        and i1_0.berei=? 
        and i1_0."w/t"=? 
        and i1_0.splitt=?
]]></system-out>
  </testcase>
  <testcase name="shouldSucceedWhenWorkorderValidAndMeetsConditions" classname="com.scania.warranty.service.ClaimCreationValidationServiceTest$ClaimCreationValidation" time="0.009">
    <system-out><![CDATA[Hibernate: 
    select
        c1_0.id,
        c1_0.anhang,
        c1_0."anz_ fehler",
        c1_0."auf_nr_",
        c1_0."auftrags-nr_",
        c1_0."ausl#nder",
        c1_0.bereich,
        c1_0."chassis-nr_",
        c1_0."claim-nr_",
        c1_0."claim-nr_ sde",
        c1_0."kd-name",
        c1_0."kd-nr_",
        c1_0.kennzeichen,
        c1_0."km-stand",
        c1_0.pakz,
        c1_0."produkt-typ",
        c1_0."rech_-datum",
        c1_0."rech_-nr_",
        c1_0."rep_-datum",
        c1_0."status code sde",
        c1_0.wete,
        c1_0."zul_-datum" 
    from
        hsg71lf2 c1_0
Hibernate: 
    select
        ce1_0.id,
        ce1_0."action code",
        ce1_0.anhang,
        ce1_0."auftrags-nr_",
        ce1_0."beantr_ mat_",
        ce1_0."beantrg_ arb_",
        ce1_0."beantrg_ spez_",
        ce1_0.bereich,
        ce1_0."bew_ code1",
        ce1_0."bew_ code2",
        ce1_0."bew_ datum",
        ce1_0."claim-art",
        ce1_0."claim-nr_",
        ce1_0.complain,
        ce1_0.eps,
        ce1_0."erg_code",
        ce1_0.explanation1,
        ce1_0.explanation2,
        ce1_0.failure,
        ce1_0.fault1,
        ce1_0.fault2,
        ce1_0."fehler-nr_",
        ce1_0."fehler-nr_ sde",
        ce1_0."fehler-teil",
        ce1_0."feldtest-nr_",
        ce1_0."folge-nr_",
        ce1_0.hauptgruppe,
        ce1_0."kampagnen-nr_",
        ce1_0.location,
        ce1_0.nebengruppe,
        ce1_0.pakz,
        ce1_0."rech_-datum",
        ce1_0."rech_-nr_",
        ce1_0.repair,
        ce1_0.reply1,
        ce1_0.reply2,
        ce1_0.result1,
        ce1_0.result2,
        ce1_0."schad_-c1",
        ce1_0."schad_-c2",
        ce1_0.source,
        ce1_0."status code",
        ce1_0."steuer code",
        ce1_0.symptom,
        ce1_0.text1,
        ce1_0.text2,
        ce1_0.text3,
        ce1_0.text4,
        ce1_0."v_-km-stand",
        ce1_0."v_-rep_-datum",
        ce1_0."variant code",
        ce1_0."verg_ arb_",
        ce1_0."verg_ mat_",
        ce1_0."verg_ spez_" 
    from
        hsg73pf ce1_0
Hibernate: 
    select
        i1_0.id,
        i1_0.adat,
        i1_0."an-tag",
        i1_0."an-zeit",
        i1_0.anr,
        i1_0.anrede,
        i1_0."assi-vorgang-nr",
        i1_0.atext,
        i1_0.au,
        i1_0.aufbauart,
        i1_0."ba-schl�ssel",
        i1_0.berater,
        i1_0.berei,
        i1_0."besteller kunde",
        i1_0.bfort,
        i1_0.bj,
        i1_0."bonit#t",
        i1_0.branch,
        i1_0.branche,
        i1_0.dokumentennummer,
        i1_0."eg-umsatz",
        i1_0.einsatzart,
        i1_0."euro-norm",
        i1_0."fahrg_-nr_",
        i1_0."fahrzeug-art",
        i1_0."f:b>0",
        i1_0."fert-tag",
        i1_0."fert-zeit",
        i1_0."fibu interim",
        i1_0."fibu mwst",
        i1_0."fibu mwst at",
        i1_0."f:v>0",
        i1_0.ga,
        i1_0."ga-�bern_",
        i1_0.hersteller,
        i1_0."hersteller aufbau",
        i1_0."hersteller zusatz 1",
        i1_0."hersteller zusatz 2",
        i1_0."hersteller zusatz 3",
        i1_0.hu,
        i1_0."is-art",
        i1_0."kampagne-nr",
        i1_0."ken-av",
        i1_0."ken-pe",
        i1_0."kl-ausnahme idnr",
        i1_0."kl-ausnahme klartext",
        i1_0."kl-erweiterung",
        i1_0."klr-berech",
        i1_0."klr-betrag",
        i1_0.km,
        i1_0."kor-bez-re",
        i1_0."kor-bez-redat",
        i1_0."kostencode konzint_",
        i1_0."kst int auf_",
        i1_0."kst lohn",
        i1_0."kst teile",
        i1_0."kto intauf_",
        i1_0."ktr int auf_",
        i1_0."kunden-nr_",
        i1_0.kz,
        i1_0."kz s",
        i1_0."l_rnr",
        i1_0.land,
        i1_0.leitzahl,
        i1_0."mail cc",
        i1_0."mail to",
        i1_0.match,
        i1_0."motor-nr",
        i1_0."motor-typ",
        i1_0."mwst %",
        i1_0."mwst % r_",
        i1_0."mwst y/n",
        i1_0.name,
        i1_0.ort,
        i1_0.pakz,
        i1_0.partikelfilter,
        i1_0.plz,
        i1_0."prod-code",
        i1_0.projekt,
        i1_0.rc,
        i1_0.rdat,
        i1_0."re anrede",
        i1_0."re bonit#t",
        i1_0."re branche",
        i1_0."re kunden-nr_",
        i1_0."re land",
        i1_0."re match",
        i1_0."re name",
        i1_0."re ort",
        i1_0."re plz",
        i1_0."re rc",
        i1_0."re strasse",
        i1_0."re tele_",
        i1_0."re valuta",
        i1_0."re zart",
        i1_0.reserve,
        i1_0."rg-nr_ 10a",
        i1_0."rgs basis at",
        i1_0."rgs basis mwst",
        i1_0."rgs ges brutto",
        i1_0."rgs mwst",
        i1_0."rgs mwst at",
        i1_0."rgs netto",
        i1_0.rnr,
        i1_0."r&w freigabe-nr",
        i1_0.sp,
        i1_0."spez-code",
        i1_0.splitt,
        i1_0."spo order",
        i1_0."steuerfrei drittland",
        i1_0."sto-bez-re",
        i1_0."sto-bez-redat",
        i1_0.strasse,
        i1_0.tacho,
        i1_0.telefon,
        i1_0."tx_anf",
        i1_0."tx_ende",
        i1_0.typ,
        i1_0."user auftrag",
        i1_0."user rechnung",
        i1_0."ust-id-nr/ok",
        i1_0.valuta,
        i1_0."verbucht?",
        i1_0."wkt-id",
        i1_0."wrg_",
        i1_0."w/t",
        i1_0."zaga-gueltig",
        i1_0.zahlungsart,
        i1_0.zdat,
        i1_0."zusatzausr�stung 1",
        i1_0."zusatzausr�stung 2",
        i1_0."zusatzausr�stung 3" 
    from
        hsahklf3 i1_0
Hibernate: 
    insert 
    into
        hsahklf3
        (adat, "an-tag", "an-zeit", anr, anrede, "assi-vorgang-nr", atext, au, aufbauart, "ba-schl�ssel", berater, berei, "besteller kunde", bfort, bj, "bonit#t", branch, branche, dokumentennummer, "eg-umsatz", einsatzart, "euro-norm", "fahrg_-nr_", "fahrzeug-art", "f:b>0", "fert-tag", "fert-zeit", "fibu interim", "fibu mwst", "fibu mwst at", "f:v>0", ga, "ga-�bern_", hersteller, "hersteller aufbau", "hersteller zusatz 1", "hersteller zusatz 2", "hersteller zusatz 3", hu, "is-art", "kampagne-nr", "ken-av", "ken-pe", "kl-ausnahme idnr", "kl-ausnahme klartext", "kl-erweiterung", "klr-berech", "klr-betrag", km, "kor-bez-re", "kor-bez-redat", "kostencode konzint_", "kst int auf_", "kst lohn", "kst teile", "kto intauf_", "ktr int auf_", "kunden-nr_", kz, "kz s", "l_rnr", land, leitzahl, "mail cc", "mail to", match, "motor-nr", "motor-typ", "mwst %", "mwst % r_", "mwst y/n", name, ort, pakz, partikelfilter, plz, "prod-code", projekt, rc, rdat, "re anrede", "re bonit#t", "re branche", "re kunden-nr_", "re land", "re match", "re name", "re ort", "re plz", "re rc", "re strasse", "re tele_", "re valuta", "re zart", reserve, "rg-nr_ 10a", "rgs basis at", "rgs basis mwst", "rgs ges brutto", "rgs mwst", "rgs mwst at", "rgs netto", rnr, "r&w freigabe-nr", sp, "spez-code", splitt, "spo order", "steuerfrei drittland", "sto-bez-re", "sto-bez-redat", strasse, tacho, telefon, "tx_anf", "tx_ende", typ, "user auftrag", "user rechnung", "ust-id-nr/ok", valuta, "verbucht?", "wkt-id", "wrg_", "w/t", "zaga-gueltig", zahlungsart, zdat, "zusatzausr�stung 1", "zusatzausr�stung 2", "zusatzausr�stung 3", id) 
    values
        (?, ?, ?, ?, ?, ?, ?, ?, ?, ?, ?, ?, ?, ?, ?, ?, ?, ?, ?, ?, ?, ?, ?, ?, ?, ?, ?, ?, ?, ?, ?, ?, ?, ?, ?, ?, ?, ?, ?, ?, ?, ?, ?, ?, ?, ?, ?, ?, ?, ?, ?, ?, ?, ?, ?, ?, ?, ?, ?, ?, ?, ?, ?, ?, ?, ?, ?, ?, ?, ?, ?, ?, ?, ?, ?, ?, ?, ?, ?, ?, ?, ?, ?, ?, ?, ?, ?, ?, ?, ?, ?, ?, ?, ?, ?, ?, ?, ?, ?, ?, ?, ?, ?, ?, ?, ?, ?, ?, ?, ?, ?, ?, ?, ?, ?, ?, ?, ?, ?, ?, ?, ?, ?, ?, ?, ?, ?, ?, ?, ?, ?, default)
Hibernate: 
    select
        i1_0.id,
        i1_0.adat,
        i1_0."an-tag",
        i1_0."an-zeit",
        i1_0.anr,
        i1_0.anrede,
        i1_0."assi-vorgang-nr",
        i1_0.atext,
        i1_0.au,
        i1_0.aufbauart,
        i1_0."ba-schl�ssel",
        i1_0.berater,
        i1_0.berei,
        i1_0."besteller kunde",
        i1_0.bfort,
        i1_0.bj,
        i1_0."bonit#t",
        i1_0.branch,
        i1_0.branche,
        i1_0.dokumentennummer,
        i1_0."eg-umsatz",
        i1_0.einsatzart,
        i1_0."euro-norm",
        i1_0."fahrg_-nr_",
        i1_0."fahrzeug-art",
        i1_0."f:b>0",
        i1_0."fert-tag",
        i1_0."fert-zeit",
        i1_0."fibu interim",
        i1_0."fibu mwst",
        i1_0."fibu mwst at",
        i1_0."f:v>0",
        i1_0.ga,
        i1_0."ga-�bern_",
        i1_0.hersteller,
        i1_0."hersteller aufbau",
        i1_0."hersteller zusatz 1",
        i1_0."hersteller zusatz 2",
        i1_0."hersteller zusatz 3",
        i1_0.hu,
        i1_0."is-art",
        i1_0."kampagne-nr",
        i1_0."ken-av",
        i1_0."ken-pe",
        i1_0."kl-ausnahme idnr",
        i1_0."kl-ausnahme klartext",
        i1_0."kl-erweiterung",
        i1_0."klr-berech",
        i1_0."klr-betrag",
        i1_0.km,
        i1_0."kor-bez-re",
        i1_0."kor-bez-redat",
        i1_0."kostencode konzint_",
        i1_0."kst int auf_",
        i1_0."kst lohn",
        i1_0."kst teile",
        i1_0."kto intauf_",
        i1_0."ktr int auf_",
        i1_0."kunden-nr_",
        i1_0.kz,
        i1_0."kz s",
        i1_0."l_rnr",
        i1_0.land,
        i1_0.leitzahl,
        i1_0."mail cc",
        i1_0."mail to",
        i1_0.match,
        i1_0."motor-nr",
        i1_0."motor-typ",
        i1_0."mwst %",
        i1_0."mwst % r_",
        i1_0."mwst y/n",
        i1_0.name,
        i1_0.ort,
        i1_0.pakz,
        i1_0.partikelfilter,
        i1_0.plz,
        i1_0."prod-code",
        i1_0.projekt,
        i1_0.rc,
        i1_0.rdat,
        i1_0."re anrede",
        i1_0."re bonit#t",
        i1_0."re branche",
        i1_0."re kunden-nr_",
        i1_0."re land",
        i1_0."re match",
        i1_0."re name",
        i1_0."re ort",
        i1_0."re plz",
        i1_0."re rc",
        i1_0."re strasse",
        i1_0."re tele_",
        i1_0."re valuta",
        i1_0."re zart",
        i1_0.reserve,
        i1_0."rg-nr_ 10a",
        i1_0."rgs basis at",
        i1_0."rgs basis mwst",
        i1_0."rgs ges brutto",
        i1_0."rgs mwst",
        i1_0."rgs mwst at",
        i1_0."rgs netto",
        i1_0.rnr,
        i1_0."r&w freigabe-nr",
        i1_0.sp,
        i1_0."spez-code",
        i1_0.splitt,
        i1_0."spo order",
        i1_0."steuerfrei drittland",
        i1_0."sto-bez-re",
        i1_0."sto-bez-redat",
        i1_0.strasse,
        i1_0.tacho,
        i1_0.telefon,
        i1_0."tx_anf",
        i1_0."tx_ende",
        i1_0.typ,
        i1_0."user auftrag",
        i1_0."user rechnung",
        i1_0."ust-id-nr/ok",
        i1_0.valuta,
        i1_0."verbucht?",
        i1_0."wkt-id",
        i1_0."wrg_",
        i1_0."w/t",
        i1_0."zaga-gueltig",
        i1_0.zahlungsart,
        i1_0.zdat,
        i1_0."zusatzausr�stung 1",
        i1_0."zusatzausr�stung 2",
        i1_0."zusatzausr�stung 3" 
    from
        hsahklf3 i1_0 
    where
        i1_0.pakz=? 
        and i1_0.rnr=? 
        and i1_0.rdat=? 
        and i1_0.anr=? 
        and i1_0.berei=? 
        and i1_0."w/t"=? 
        and i1_0.splitt=?
Hibernate: 
    select
        c1_0.id,
        c1_0.anhang,
        c1_0."anz_ fehler",
        c1_0."auf_nr_",
        c1_0."auftrags-nr_",
        c1_0."ausl#nder",
        c1_0.bereich,
        c1_0."chassis-nr_",
        c1_0."claim-nr_",
        c1_0."claim-nr_ sde",
        c1_0."kd-name",
        c1_0."kd-nr_",
        c1_0.kennzeichen,
        c1_0."km-stand",
        c1_0.pakz,
        c1_0."produkt-typ",
        c1_0."rech_-datum",
        c1_0."rech_-nr_",
        c1_0."rep_-datum",
        c1_0."status code sde",
        c1_0.wete,
        c1_0."zul_-datum" 
    from
        hsg71lf2 c1_0 
    where
        c1_0.pakz=? 
        and c1_0."rech_-nr_"=? 
        and c1_0."rech_-datum"=?
]]></system-out>
  </testcase>
  <testcase name="shouldFailWhenDuplicateClaimExists" classname="com.scania.warranty.service.ClaimCreationValidationServiceTest$ClaimCreationValidation" time="0.008">
    <system-out><![CDATA[Hibernate: 
    select
        c1_0.id,
        c1_0.anhang,
        c1_0."anz_ fehler",
        c1_0."auf_nr_",
        c1_0."auftrags-nr_",
        c1_0."ausl#nder",
        c1_0.bereich,
        c1_0."chassis-nr_",
        c1_0."claim-nr_",
        c1_0."claim-nr_ sde",
        c1_0."kd-name",
        c1_0."kd-nr_",
        c1_0.kennzeichen,
        c1_0."km-stand",
        c1_0.pakz,
        c1_0."produkt-typ",
        c1_0."rech_-datum",
        c1_0."rech_-nr_",
        c1_0."rep_-datum",
        c1_0."status code sde",
        c1_0.wete,
        c1_0."zul_-datum" 
    from
        hsg71lf2 c1_0
Hibernate: 
    select
        ce1_0.id,
        ce1_0."action code",
        ce1_0.anhang,
        ce1_0."auftrags-nr_",
        ce1_0."beantr_ mat_",
        ce1_0."beantrg_ arb_",
        ce1_0."beantrg_ spez_",
        ce1_0.bereich,
        ce1_0."bew_ code1",
        ce1_0."bew_ code2",
        ce1_0."bew_ datum",
        ce1_0."claim-art",
        ce1_0."claim-nr_",
        ce1_0.complain,
        ce1_0.eps,
        ce1_0."erg_code",
        ce1_0.explanation1,
        ce1_0.explanation2,
        ce1_0.failure,
        ce1_0.fault1,
        ce1_0.fault2,
        ce1_0."fehler-nr_",
        ce1_0."fehler-nr_ sde",
        ce1_0."fehler-teil",
        ce1_0."feldtest-nr_",
        ce1_0."folge-nr_",
        ce1_0.hauptgruppe,
        ce1_0."kampagnen-nr_",
        ce1_0.location,
        ce1_0.nebengruppe,
        ce1_0.pakz,
        ce1_0."rech_-datum",
        ce1_0."rech_-nr_",
        ce1_0.repair,
        ce1_0.reply1,
        ce1_0.reply2,
        ce1_0.result1,
        ce1_0.result2,
        ce1_0."schad_-c1",
        ce1_0."schad_-c2",
        ce1_0.source,
        ce1_0."status code",
        ce1_0."steuer code",
        ce1_0.symptom,
        ce1_0.text1,
        ce1_0.text2,
        ce1_0.text3,
        ce1_0.text4,
        ce1_0."v_-km-stand",
        ce1_0."v_-rep_-datum",
        ce1_0."variant code",
        ce1_0."verg_ arb_",
        ce1_0."verg_ mat_",
        ce1_0."verg_ spez_" 
    from
        hsg73pf ce1_0
Hibernate: 
    select
        i1_0.id,
        i1_0.adat,
        i1_0."an-tag",
        i1_0."an-zeit",
        i1_0.anr,
        i1_0.anrede,
        i1_0."assi-vorgang-nr",
        i1_0.atext,
        i1_0.au,
        i1_0.aufbauart,
        i1_0."ba-schl�ssel",
        i1_0.berater,
        i1_0.berei,
        i1_0."besteller kunde",
        i1_0.bfort,
        i1_0.bj,
        i1_0."bonit#t",
        i1_0.branch,
        i1_0.branche,
        i1_0.dokumentennummer,
        i1_0."eg-umsatz",
        i1_0.einsatzart,
        i1_0."euro-norm",
        i1_0."fahrg_-nr_",
        i1_0."fahrzeug-art",
        i1_0."f:b>0",
        i1_0."fert-tag",
        i1_0."fert-zeit",
        i1_0."fibu interim",
        i1_0."fibu mwst",
        i1_0."fibu mwst at",
        i1_0."f:v>0",
        i1_0.ga,
        i1_0."ga-�bern_",
        i1_0.hersteller,
        i1_0."hersteller aufbau",
        i1_0."hersteller zusatz 1",
        i1_0."hersteller zusatz 2",
        i1_0."hersteller zusatz 3",
        i1_0.hu,
        i1_0."is-art",
        i1_0."kampagne-nr",
        i1_0."ken-av",
        i1_0."ken-pe",
        i1_0."kl-ausnahme idnr",
        i1_0."kl-ausnahme klartext",
        i1_0."kl-erweiterung",
        i1_0."klr-berech",
        i1_0."klr-betrag",
        i1_0.km,
        i1_0."kor-bez-re",
        i1_0."kor-bez-redat",
        i1_0."kostencode konzint_",
        i1_0."kst int auf_",
        i1_0."kst lohn",
        i1_0."kst teile",
        i1_0."kto intauf_",
        i1_0."ktr int auf_",
        i1_0."kunden-nr_",
        i1_0.kz,
        i1_0."kz s",
        i1_0."l_rnr",
        i1_0.land,
        i1_0.leitzahl,
        i1_0."mail cc",
        i1_0."mail to",
        i1_0.match,
        i1_0."motor-nr",
        i1_0."motor-typ",
        i1_0."mwst %",
        i1_0."mwst % r_",
        i1_0."mwst y/n",
        i1_0.name,
        i1_0.ort,
        i1_0.pakz,
        i1_0.partikelfilter,
        i1_0.plz,
        i1_0."prod-code",
        i1_0.projekt,
        i1_0.rc,
        i1_0.rdat,
        i1_0."re anrede",
        i1_0."re bonit#t",
        i1_0."re branche",
        i1_0."re kunden-nr_",
        i1_0."re land",
        i1_0."re match",
        i1_0."re name",
        i1_0."re ort",
        i1_0."re plz",
        i1_0."re rc",
        i1_0."re strasse",
        i1_0."re tele_",
        i1_0."re valuta",
        i1_0."re zart",
        i1_0.reserve,
        i1_0."rg-nr_ 10a",
        i1_0."rgs basis at",
        i1_0."rgs basis mwst",
        i1_0."rgs ges brutto",
        i1_0."rgs mwst",
        i1_0."rgs mwst at",
        i1_0."rgs netto",
        i1_0.rnr,
        i1_0."r&w freigabe-nr",
        i1_0.sp,
        i1_0."spez-code",
        i1_0.splitt,
        i1_0."spo order",
        i1_0."steuerfrei drittland",
        i1_0."sto-bez-re",
        i1_0."sto-bez-redat",
        i1_0.strasse,
        i1_0.tacho,
        i1_0.telefon,
        i1_0."tx_anf",
        i1_0."tx_ende",
        i1_0.typ,
        i1_0."user auftrag",
        i1_0."user rechnung",
        i1_0."ust-id-nr/ok",
        i1_0.valuta,
        i1_0."verbucht?",
        i1_0."wkt-id",
        i1_0."wrg_",
        i1_0."w/t",
        i1_0."zaga-gueltig",
        i1_0.zahlungsart,
        i1_0.zdat,
        i1_0."zusatzausr�stung 1",
        i1_0."zusatzausr�stung 2",
        i1_0."zusatzausr�stung 3" 
    from
        hsahklf3 i1_0
Hibernate: 
    insert 
    into
        hsahklf3
        (adat, "an-tag", "an-zeit", anr, anrede, "assi-vorgang-nr", atext, au, aufbauart, "ba-schl�ssel", berater, berei, "besteller kunde", bfort, bj, "bonit#t", branch, branche, dokumentennummer, "eg-umsatz", einsatzart, "euro-norm", "fahrg_-nr_", "fahrzeug-art", "f:b>0", "fert-tag", "fert-zeit", "fibu interim", "fibu mwst", "fibu mwst at", "f:v>0", ga, "ga-�bern_", hersteller, "hersteller aufbau", "hersteller zusatz 1", "hersteller zusatz 2", "hersteller zusatz 3", hu, "is-art", "kampagne-nr", "ken-av", "ken-pe", "kl-ausnahme idnr", "kl-ausnahme klartext", "kl-erweiterung", "klr-berech", "klr-betrag", km, "kor-bez-re", "kor-bez-redat", "kostencode konzint_", "kst int auf_", "kst lohn", "kst teile", "kto intauf_", "ktr int auf_", "kunden-nr_", kz, "kz s", "l_rnr", land, leitzahl, "mail cc", "mail to", match, "motor-nr", "motor-typ", "mwst %", "mwst % r_", "mwst y/n", name, ort, pakz, partikelfilter, plz, "prod-code", projekt, rc, rdat, "re anrede", "re bonit#t", "re branche", "re kunden-nr_", "re land", "re match", "re name", "re ort", "re plz", "re rc", "re strasse", "re tele_", "re valuta", "re zart", reserve, "rg-nr_ 10a", "rgs basis at", "rgs basis mwst", "rgs ges brutto", "rgs mwst", "rgs mwst at", "rgs netto", rnr, "r&w freigabe-nr", sp, "spez-code", splitt, "spo order", "steuerfrei drittland", "sto-bez-re", "sto-bez-redat", strasse, tacho, telefon, "tx_anf", "tx_ende", typ, "user auftrag", "user rechnung", "ust-id-nr/ok", valuta, "verbucht?", "wkt-id", "wrg_", "w/t", "zaga-gueltig", zahlungsart, zdat, "zusatzausr�stung 1", "zusatzausr�stung 2", "zusatzausr�stung 3", id) 
    values
        (?, ?, ?, ?, ?, ?, ?, ?, ?, ?, ?, ?, ?, ?, ?, ?, ?, ?, ?, ?, ?, ?, ?, ?, ?, ?, ?, ?, ?, ?, ?, ?, ?, ?, ?, ?, ?, ?, ?, ?, ?, ?, ?, ?, ?, ?, ?, ?, ?, ?, ?, ?, ?, ?, ?, ?, ?, ?, ?, ?, ?, ?, ?, ?, ?, ?, ?, ?, ?, ?, ?, ?, ?, ?, ?, ?, ?, ?, ?, ?, ?, ?, ?, ?, ?, ?, ?, ?, ?, ?, ?, ?, ?, ?, ?, ?, ?, ?, ?, ?, ?, ?, ?, ?, ?, ?, ?, ?, ?, ?, ?, ?, ?, ?, ?, ?, ?, ?, ?, ?, ?, ?, ?, ?, ?, ?, ?, ?, ?, ?, ?, default)
Hibernate: 
    insert 
    into
        hsg71lf2
        (anhang, "anz_ fehler", "auf_nr_", "auftrags-nr_", "ausl#nder", bereich, "chassis-nr_", "claim-nr_", "claim-nr_ sde", "kd-name", "kd-nr_", kennzeichen, "km-stand", pakz, "produkt-typ", "rech_-datum", "rech_-nr_", "rep_-datum", "status code sde", wete, "zul_-datum", id) 
    values
        (?, ?, ?, ?, ?, ?, ?, ?, ?, ?, ?, ?, ?, ?, ?, ?, ?, ?, ?, ?, ?, default)
Hibernate: 
    select
        i1_0.id,
        i1_0.adat,
        i1_0."an-tag",
        i1_0."an-zeit",
        i1_0.anr,
        i1_0.anrede,
        i1_0."assi-vorgang-nr",
        i1_0.atext,
        i1_0.au,
        i1_0.aufbauart,
        i1_0."ba-schl�ssel",
        i1_0.berater,
        i1_0.berei,
        i1_0."besteller kunde",
        i1_0.bfort,
        i1_0.bj,
        i1_0."bonit#t",
        i1_0.branch,
        i1_0.branche,
        i1_0.dokumentennummer,
        i1_0."eg-umsatz",
        i1_0.einsatzart,
        i1_0."euro-norm",
        i1_0."fahrg_-nr_",
        i1_0."fahrzeug-art",
        i1_0."f:b>0",
        i1_0."fert-tag",
        i1_0."fert-zeit",
        i1_0."fibu interim",
        i1_0."fibu mwst",
        i1_0."fibu mwst at",
        i1_0."f:v>0",
        i1_0.ga,
        i1_0."ga-�bern_",
        i1_0.hersteller,
        i1_0."hersteller aufbau",
        i1_0."hersteller zusatz 1",
        i1_0."hersteller zusatz 2",
        i1_0."hersteller zusatz 3",
        i1_0.hu,
        i1_0."is-art",
        i1_0."kampagne-nr",
        i1_0."ken-av",
        i1_0."ken-pe",
        i1_0."kl-ausnahme idnr",
        i1_0."kl-ausnahme klartext",
        i1_0."kl-erweiterung",
        i1_0."klr-berech",
        i1_0."klr-betrag",
        i1_0.km,
        i1_0."kor-bez-re",
        i1_0."kor-bez-redat",
        i1_0."kostencode konzint_",
        i1_0."kst int auf_",
        i1_0."kst lohn",
        i1_0."kst teile",
        i1_0."kto intauf_",
        i1_0."ktr int auf_",
        i1_0."kunden-nr_",
        i1_0.kz,
        i1_0."kz s",
        i1_0."l_rnr",
        i1_0.land,
        i1_0.leitzahl,
        i1_0."mail cc",
        i1_0."mail to",
        i1_0.match,
        i1_0."motor-nr",
        i1_0."motor-typ",
        i1_0."mwst %",
        i1_0."mwst % r_",
        i1_0."mwst y/n",
        i1_0.name,
        i1_0.ort,
        i1_0.pakz,
        i1_0.partikelfilter,
        i1_0.plz,
        i1_0."prod-code",
        i1_0.projekt,
        i1_0.rc,
        i1_0.rdat,
        i1_0."re anrede",
        i1_0."re bonit#t",
        i1_0."re branche",
        i1_0."re kunden-nr_",
        i1_0."re land",
        i1_0."re match",
        i1_0."re name",
        i1_0."re ort",
        i1_0."re plz",
        i1_0."re rc",
        i1_0."re strasse",
        i1_0."re tele_",
        i1_0."re valuta",
        i1_0."re zart",
        i1_0.reserve,
        i1_0."rg-nr_ 10a",
        i1_0."rgs basis at",
        i1_0."rgs basis mwst",
        i1_0."rgs ges brutto",
        i1_0."rgs mwst",
        i1_0."rgs mwst at",
        i1_0."rgs netto",
        i1_0.rnr,
        i1_0."r&w freigabe-nr",
        i1_0.sp,
        i1_0."spez-code",
        i1_0.splitt,
        i1_0."spo order",
        i1_0."steuerfrei drittland",
        i1_0."sto-bez-re",
        i1_0."sto-bez-redat",
        i1_0.strasse,
        i1_0.tacho,
        i1_0.telefon,
        i1_0."tx_anf",
        i1_0."tx_ende",
        i1_0.typ,
        i1_0."user auftrag",
        i1_0."user rechnung",
        i1_0."ust-id-nr/ok",
        i1_0.valuta,
        i1_0."verbucht?",
        i1_0."wkt-id",
        i1_0."wrg_",
        i1_0."w/t",
        i1_0."zaga-gueltig",
        i1_0.zahlungsart,
        i1_0.zdat,
        i1_0."zusatzausr�stung 1",
        i1_0."zusatzausr�stung 2",
        i1_0."zusatzausr�stung 3" 
    from
        hsahklf3 i1_0 
    where
        i1_0.pakz=? 
        and i1_0.rnr=? 
        and i1_0.rdat=? 
        and i1_0.anr=? 
        and i1_0.berei=? 
        and i1_0."w/t"=? 
        and i1_0.splitt=?
Hibernate: 
    select
        c1_0.id,
        c1_0.anhang,
        c1_0."anz_ fehler",
        c1_0."auf_nr_",
        c1_0."auftrags-nr_",
        c1_0."ausl#nder",
        c1_0.bereich,
        c1_0."chassis-nr_",
        c1_0."claim-nr_",
        c1_0."claim-nr_ sde",
        c1_0."kd-name",
        c1_0."kd-nr_",
        c1_0.kennzeichen,
        c1_0."km-stand",
        c1_0.pakz,
        c1_0."produkt-typ",
        c1_0."rech_-datum",
        c1_0."rech_-nr_",
        c1_0."rep_-datum",
        c1_0."status code sde",
        c1_0.wete,
        c1_0."zul_-datum" 
    from
        hsg71lf2 c1_0 
    where
        c1_0.pakz=? 
        and c1_0."rech_-nr_"=? 
        and c1_0."rech_-datum"=?
]]></system-out>
  </testcase>
  <testcase name="shouldSucceedWhenWorkorderWithin19Days" classname="com.scania.warranty.service.ClaimCreationValidationServiceTest$ClaimCreationValidation" time="0.007">
    <system-out><![CDATA[Hibernate: 
    select
        c1_0.id,
        c1_0.anhang,
        c1_0."anz_ fehler",
        c1_0."auf_nr_",
        c1_0."auftrags-nr_",
        c1_0."ausl#nder",
        c1_0.bereich,
        c1_0."chassis-nr_",
        c1_0."claim-nr_",
        c1_0."claim-nr_ sde",
        c1_0."kd-name",
        c1_0."kd-nr_",
        c1_0.kennzeichen,
        c1_0."km-stand",
        c1_0.pakz,
        c1_0."produkt-typ",
        c1_0."rech_-datum",
        c1_0."rech_-nr_",
        c1_0."rep_-datum",
        c1_0."status code sde",
        c1_0.wete,
        c1_0."zul_-datum" 
    from
        hsg71lf2 c1_0
Hibernate: 
    select
        ce1_0.id,
        ce1_0."action code",
        ce1_0.anhang,
        ce1_0."auftrags-nr_",
        ce1_0."beantr_ mat_",
        ce1_0."beantrg_ arb_",
        ce1_0."beantrg_ spez_",
        ce1_0.bereich,
        ce1_0."bew_ code1",
        ce1_0."bew_ code2",
        ce1_0."bew_ datum",
        ce1_0."claim-art",
        ce1_0."claim-nr_",
        ce1_0.complain,
        ce1_0.eps,
        ce1_0."erg_code",
        ce1_0.explanation1,
        ce1_0.explanation2,
        ce1_0.failure,
        ce1_0.fault1,
        ce1_0.fault2,
        ce1_0."fehler-nr_",
        ce1_0."fehler-nr_ sde",
        ce1_0."fehler-teil",
        ce1_0."feldtest-nr_",
        ce1_0."folge-nr_",
        ce1_0.hauptgruppe,
        ce1_0."kampagnen-nr_",
        ce1_0.location,
        ce1_0.nebengruppe,
        ce1_0.pakz,
        ce1_0."rech_-datum",
        ce1_0."rech_-nr_",
        ce1_0.repair,
        ce1_0.reply1,
        ce1_0.reply2,
        ce1_0.result1,
        ce1_0.result2,
        ce1_0."schad_-c1",
        ce1_0."schad_-c2",
        ce1_0.source,
        ce1_0."status code",
        ce1_0."steuer code",
        ce1_0.symptom,
        ce1_0.text1,
        ce1_0.text2,
        ce1_0.text3,
        ce1_0.text4,
        ce1_0."v_-km-stand",
        ce1_0."v_-rep_-datum",
        ce1_0."variant code",
        ce1_0."verg_ arb_",
        ce1_0."verg_ mat_",
        ce1_0."verg_ spez_" 
    from
        hsg73pf ce1_0
Hibernate: 
    select
        i1_0.id,
        i1_0.adat,
        i1_0."an-tag",
        i1_0."an-zeit",
        i1_0.anr,
        i1_0.anrede,
        i1_0."assi-vorgang-nr",
        i1_0.atext,
        i1_0.au,
        i1_0.aufbauart,
        i1_0."ba-schl�ssel",
        i1_0.berater,
        i1_0.berei,
        i1_0."besteller kunde",
        i1_0.bfort,
        i1_0.bj,
        i1_0."bonit#t",
        i1_0.branch,
        i1_0.branche,
        i1_0.dokumentennummer,
        i1_0."eg-umsatz",
        i1_0.einsatzart,
        i1_0."euro-norm",
        i1_0."fahrg_-nr_",
        i1_0."fahrzeug-art",
        i1_0."f:b>0",
        i1_0."fert-tag",
        i1_0."fert-zeit",
        i1_0."fibu interim",
        i1_0."fibu mwst",
        i1_0."fibu mwst at",
        i1_0."f:v>0",
        i1_0.ga,
        i1_0."ga-�bern_",
        i1_0.hersteller,
        i1_0."hersteller aufbau",
        i1_0."hersteller zusatz 1",
        i1_0."hersteller zusatz 2",
        i1_0."hersteller zusatz 3",
        i1_0.hu,
        i1_0."is-art",
        i1_0."kampagne-nr",
        i1_0."ken-av",
        i1_0."ken-pe",
        i1_0."kl-ausnahme idnr",
        i1_0."kl-ausnahme klartext",
        i1_0."kl-erweiterung",
        i1_0."klr-berech",
        i1_0."klr-betrag",
        i1_0.km,
        i1_0."kor-bez-re",
        i1_0."kor-bez-redat",
        i1_0."kostencode konzint_",
        i1_0."kst int auf_",
        i1_0."kst lohn",
        i1_0."kst teile",
        i1_0."kto intauf_",
        i1_0."ktr int auf_",
        i1_0."kunden-nr_",
        i1_0.kz,
        i1_0."kz s",
        i1_0."l_rnr",
        i1_0.land,
        i1_0.leitzahl,
        i1_0."mail cc",
        i1_0."mail to",
        i1_0.match,
        i1_0."motor-nr",
        i1_0."motor-typ",
        i1_0."mwst %",
        i1_0."mwst % r_",
        i1_0."mwst y/n",
        i1_0.name,
        i1_0.ort,
        i1_0.pakz,
        i1_0.partikelfilter,
        i1_0.plz,
        i1_0."prod-code",
        i1_0.projekt,
        i1_0.rc,
        i1_0.rdat,
        i1_0."re anrede",
        i1_0."re bonit#t",
        i1_0."re branche",
        i1_0."re kunden-nr_",
        i1_0."re land",
        i1_0."re match",
        i1_0."re name",
        i1_0."re ort",
        i1_0."re plz",
        i1_0."re rc",
        i1_0."re strasse",
        i1_0."re tele_",
        i1_0."re valuta",
        i1_0."re zart",
        i1_0.reserve,
        i1_0."rg-nr_ 10a",
        i1_0."rgs basis at",
        i1_0."rgs basis mwst",
        i1_0."rgs ges brutto",
        i1_0."rgs mwst",
        i1_0."rgs mwst at",
        i1_0."rgs netto",
        i1_0.rnr,
        i1_0."r&w freigabe-nr",
        i1_0.sp,
        i1_0."spez-code",
        i1_0.splitt,
        i1_0."spo order",
        i1_0."steuerfrei drittland",
        i1_0."sto-bez-re",
        i1_0."sto-bez-redat",
        i1_0.strasse,
        i1_0.tacho,
        i1_0.telefon,
        i1_0."tx_anf",
        i1_0."tx_ende",
        i1_0.typ,
        i1_0."user auftrag",
        i1_0."user rechnung",
        i1_0."ust-id-nr/ok",
        i1_0.valuta,
        i1_0."verbucht?",
        i1_0."wkt-id",
        i1_0."wrg_",
        i1_0."w/t",
        i1_0."zaga-gueltig",
        i1_0.zahlungsart,
        i1_0.zdat,
        i1_0."zusatzausr�stung 1",
        i1_0."zusatzausr�stung 2",
        i1_0."zusatzausr�stung 3" 
    from
        hsahklf3 i1_0
Hibernate: 
    insert 
    into
        hsahklf3
        (adat, "an-tag", "an-zeit", anr, anrede, "assi-vorgang-nr", atext, au, aufbauart, "ba-schl�ssel", berater, berei, "besteller kunde", bfort, bj, "bonit#t", branch, branche, dokumentennummer, "eg-umsatz", einsatzart, "euro-norm", "fahrg_-nr_", "fahrzeug-art", "f:b>0", "fert-tag", "fert-zeit", "fibu interim", "fibu mwst", "fibu mwst at", "f:v>0", ga, "ga-�bern_", hersteller, "hersteller aufbau", "hersteller zusatz 1", "hersteller zusatz 2", "hersteller zusatz 3", hu, "is-art", "kampagne-nr", "ken-av", "ken-pe", "kl-ausnahme idnr", "kl-ausnahme klartext", "kl-erweiterung", "klr-berech", "klr-betrag", km, "kor-bez-re", "kor-bez-redat", "kostencode konzint_", "kst int auf_", "kst lohn", "kst teile", "kto intauf_", "ktr int auf_", "kunden-nr_", kz, "kz s", "l_rnr", land, leitzahl, "mail cc", "mail to", match, "motor-nr", "motor-typ", "mwst %", "mwst % r_", "mwst y/n", name, ort, pakz, partikelfilter, plz, "prod-code", projekt, rc, rdat, "re anrede", "re bonit#t", "re branche", "re kunden-nr_", "re land", "re match", "re name", "re ort", "re plz", "re rc", "re strasse", "re tele_", "re valuta", "re zart", reserve, "rg-nr_ 10a", "rgs basis at", "rgs basis mwst", "rgs ges brutto", "rgs mwst", "rgs mwst at", "rgs netto", rnr, "r&w freigabe-nr", sp, "spez-code", splitt, "spo order", "steuerfrei drittland", "sto-bez-re", "sto-bez-redat", strasse, tacho, telefon, "tx_anf", "tx_ende", typ, "user auftrag", "user rechnung", "ust-id-nr/ok", valuta, "verbucht?", "wkt-id", "wrg_", "w/t", "zaga-gueltig", zahlungsart, zdat, "zusatzausr�stung 1", "zusatzausr�stung 2", "zusatzausr�stung 3", id) 
    values
        (?, ?, ?, ?, ?, ?, ?, ?, ?, ?, ?, ?, ?, ?, ?, ?, ?, ?, ?, ?, ?, ?, ?, ?, ?, ?, ?, ?, ?, ?, ?, ?, ?, ?, ?, ?, ?, ?, ?, ?, ?, ?, ?, ?, ?, ?, ?, ?, ?, ?, ?, ?, ?, ?, ?, ?, ?, ?, ?, ?, ?, ?, ?, ?, ?, ?, ?, ?, ?, ?, ?, ?, ?, ?, ?, ?, ?, ?, ?, ?, ?, ?, ?, ?, ?, ?, ?, ?, ?, ?, ?, ?, ?, ?, ?, ?, ?, ?, ?, ?, ?, ?, ?, ?, ?, ?, ?, ?, ?, ?, ?, ?, ?, ?, ?, ?, ?, ?, ?, ?, ?, ?, ?, ?, ?, ?, ?, ?, ?, ?, ?, default)
Hibernate: 
    select
        i1_0.id,
        i1_0.adat,
        i1_0."an-tag",
        i1_0."an-zeit",
        i1_0.anr,
        i1_0.anrede,
        i1_0."assi-vorgang-nr",
        i1_0.atext,
        i1_0.au,
        i1_0.aufbauart,
        i1_0."ba-schl�ssel",
        i1_0.berater,
        i1_0.berei,
        i1_0."besteller kunde",
        i1_0.bfort,
        i1_0.bj,
        i1_0."bonit#t",
        i1_0.branch,
        i1_0.branche,
        i1_0.dokumentennummer,
        i1_0."eg-umsatz",
        i1_0.einsatzart,
        i1_0."euro-norm",
        i1_0."fahrg_-nr_",
        i1_0."fahrzeug-art",
        i1_0."f:b>0",
        i1_0."fert-tag",
        i1_0."fert-zeit",
        i1_0."fibu interim",
        i1_0."fibu mwst",
        i1_0."fibu mwst at",
        i1_0."f:v>0",
        i1_0.ga,
        i1_0."ga-�bern_",
        i1_0.hersteller,
        i1_0."hersteller aufbau",
        i1_0."hersteller zusatz 1",
        i1_0."hersteller zusatz 2",
        i1_0."hersteller zusatz 3",
        i1_0.hu,
        i1_0."is-art",
        i1_0."kampagne-nr",
        i1_0."ken-av",
        i1_0."ken-pe",
        i1_0."kl-ausnahme idnr",
        i1_0."kl-ausnahme klartext",
        i1_0."kl-erweiterung",
        i1_0."klr-berech",
        i1_0."klr-betrag",
        i1_0.km,
        i1_0."kor-bez-re",
        i1_0."kor-bez-redat",
        i1_0."kostencode konzint_",
        i1_0."kst int auf_",
        i1_0."kst lohn",
        i1_0."kst teile",
        i1_0."kto intauf_",
        i1_0."ktr int auf_",
        i1_0."kunden-nr_",
        i1_0.kz,
        i1_0."kz s",
        i1_0."l_rnr",
        i1_0.land,
        i1_0.leitzahl,
        i1_0."mail cc",
        i1_0."mail to",
        i1_0.match,
        i1_0."motor-nr",
        i1_0."motor-typ",
        i1_0."mwst %",
        i1_0."mwst % r_",
        i1_0."mwst y/n",
        i1_0.name,
        i1_0.ort,
        i1_0.pakz,
        i1_0.partikelfilter,
        i1_0.plz,
        i1_0."prod-code",
        i1_0.projekt,
        i1_0.rc,
        i1_0.rdat,
        i1_0."re anrede",
        i1_0."re bonit#t",
        i1_0."re branche",
        i1_0."re kunden-nr_",
        i1_0."re land",
        i1_0."re match",
        i1_0."re name",
        i1_0."re ort",
        i1_0."re plz",
        i1_0."re rc",
        i1_0."re strasse",
        i1_0."re tele_",
        i1_0."re valuta",
        i1_0."re zart",
        i1_0.reserve,
        i1_0."rg-nr_ 10a",
        i1_0."rgs basis at",
        i1_0."rgs basis mwst",
        i1_0."rgs ges brutto",
        i1_0."rgs mwst",
        i1_0."rgs mwst at",
        i1_0."rgs netto",
        i1_0.rnr,
        i1_0."r&w freigabe-nr",
        i1_0.sp,
        i1_0."spez-code",
        i1_0.splitt,
        i1_0."spo order",
        i1_0."steuerfrei drittland",
        i1_0."sto-bez-re",
        i1_0."sto-bez-redat",
        i1_0.strasse,
        i1_0.tacho,
        i1_0.telefon,
        i1_0."tx_anf",
        i1_0."tx_ende",
        i1_0.typ,
        i1_0."user auftrag",
        i1_0."user rechnung",
        i1_0."ust-id-nr/ok",
        i1_0.valuta,
        i1_0."verbucht?",
        i1_0."wkt-id",
        i1_0."wrg_",
        i1_0."w/t",
        i1_0."zaga-gueltig",
        i1_0.zahlungsart,
        i1_0.zdat,
        i1_0."zusatzausr�stung 1",
        i1_0."zusatzausr�stung 2",
        i1_0."zusatzausr�stung 3" 
    from
        hsahklf3 i1_0 
    where
        i1_0.pakz=? 
        and i1_0.rnr=? 
        and i1_0.rdat=? 
        and i1_0.anr=? 
        and i1_0.berei=? 
        and i1_0."w/t"=? 
        and i1_0.splitt=?
Hibernate: 
    select
        c1_0.id,
        c1_0.anhang,
        c1_0."anz_ fehler",
        c1_0."auf_nr_",
        c1_0."auftrags-nr_",
        c1_0."ausl#nder",
        c1_0.bereich,
        c1_0."chassis-nr_",
        c1_0."claim-nr_",
        c1_0."claim-nr_ sde",
        c1_0."kd-name",
        c1_0."kd-nr_",
        c1_0.kennzeichen,
        c1_0."km-stand",
        c1_0.pakz,
        c1_0."produkt-typ",
        c1_0."rech_-datum",
        c1_0."rech_-nr_",
        c1_0."rep_-datum",
        c1_0."status code sde",
        c1_0.wete,
        c1_0."zul_-datum" 
    from
        hsg71lf2 c1_0 
    where
        c1_0.pakz=? 
        and c1_0."rech_-nr_"=? 
        and c1_0."rech_-datum"=?
]]></system-out>
  </testcase>
  <testcase name="shouldFailWhenWorkorderStructureDoesNotMatch" classname="com.scania.warranty.service.ClaimCreationValidationServiceTest$ClaimCreationValidation" time="0.006">
    <system-out><![CDATA[Hibernate: 
    select
        c1_0.id,
        c1_0.anhang,
        c1_0."anz_ fehler",
        c1_0."auf_nr_",
        c1_0."auftrags-nr_",
        c1_0."ausl#nder",
        c1_0.bereich,
        c1_0."chassis-nr_",
        c1_0."claim-nr_",
        c1_0."claim-nr_ sde",
        c1_0."kd-name",
        c1_0."kd-nr_",
        c1_0.kennzeichen,
        c1_0."km-stand",
        c1_0.pakz,
        c1_0."produkt-typ",
        c1_0."rech_-datum",
        c1_0."rech_-nr_",
        c1_0."rep_-datum",
        c1_0."status code sde",
        c1_0.wete,
        c1_0."zul_-datum" 
    from
        hsg71lf2 c1_0
Hibernate: 
    select
        ce1_0.id,
        ce1_0."action code",
        ce1_0.anhang,
        ce1_0."auftrags-nr_",
        ce1_0."beantr_ mat_",
        ce1_0."beantrg_ arb_",
        ce1_0."beantrg_ spez_",
        ce1_0.bereich,
        ce1_0."bew_ code1",
        ce1_0."bew_ code2",
        ce1_0."bew_ datum",
        ce1_0."claim-art",
        ce1_0."claim-nr_",
        ce1_0.complain,
        ce1_0.eps,
        ce1_0."erg_code",
        ce1_0.explanation1,
        ce1_0.explanation2,
        ce1_0.failure,
        ce1_0.fault1,
        ce1_0.fault2,
        ce1_0."fehler-nr_",
        ce1_0."fehler-nr_ sde",
        ce1_0."fehler-teil",
        ce1_0."feldtest-nr_",
        ce1_0."folge-nr_",
        ce1_0.hauptgruppe,
        ce1_0."kampagnen-nr_",
        ce1_0.location,
        ce1_0.nebengruppe,
        ce1_0.pakz,
        ce1_0."rech_-datum",
        ce1_0."rech_-nr_",
        ce1_0.repair,
        ce1_0.reply1,
        ce1_0.reply2,
        ce1_0.result1,
        ce1_0.result2,
        ce1_0."schad_-c1",
        ce1_0."schad_-c2",
        ce1_0.source,
        ce1_0."status code",
        ce1_0."steuer code",
        ce1_0.symptom,
        ce1_0.text1,
        ce1_0.text2,
        ce1_0.text3,
        ce1_0.text4,
        ce1_0."v_-km-stand",
        ce1_0."v_-rep_-datum",
        ce1_0."variant code",
        ce1_0."verg_ arb_",
        ce1_0."verg_ mat_",
        ce1_0."verg_ spez_" 
    from
        hsg73pf ce1_0
Hibernate: 
    select
        i1_0.id,
        i1_0.adat,
        i1_0."an-tag",
        i1_0."an-zeit",
        i1_0.anr,
        i1_0.anrede,
        i1_0."assi-vorgang-nr",
        i1_0.atext,
        i1_0.au,
        i1_0.aufbauart,
        i1_0."ba-schl�ssel",
        i1_0.berater,
        i1_0.berei,
        i1_0."besteller kunde",
        i1_0.bfort,
        i1_0.bj,
        i1_0."bonit#t",
        i1_0.branch,
        i1_0.branche,
        i1_0.dokumentennummer,
        i1_0."eg-umsatz",
        i1_0.einsatzart,
        i1_0."euro-norm",
        i1_0."fahrg_-nr_",
        i1_0."fahrzeug-art",
        i1_0."f:b>0",
        i1_0."fert-tag",
        i1_0."fert-zeit",
        i1_0."fibu interim",
        i1_0."fibu mwst",
        i1_0."fibu mwst at",
        i1_0."f:v>0",
        i1_0.ga,
        i1_0."ga-�bern_",
        i1_0.hersteller,
        i1_0."hersteller aufbau",
        i1_0."hersteller zusatz 1",
        i1_0."hersteller zusatz 2",
        i1_0."hersteller zusatz 3",
        i1_0.hu,
        i1_0."is-art",
        i1_0."kampagne-nr",
        i1_0."ken-av",
        i1_0."ken-pe",
        i1_0."kl-ausnahme idnr",
        i1_0."kl-ausnahme klartext",
        i1_0."kl-erweiterung",
        i1_0."klr-berech",
        i1_0."klr-betrag",
        i1_0.km,
        i1_0."kor-bez-re",
        i1_0."kor-bez-redat",
        i1_0."kostencode konzint_",
        i1_0."kst int auf_",
        i1_0."kst lohn",
        i1_0."kst teile",
        i1_0."kto intauf_",
        i1_0."ktr int auf_",
        i1_0."kunden-nr_",
        i1_0.kz,
        i1_0."kz s",
        i1_0."l_rnr",
        i1_0.land,
        i1_0.leitzahl,
        i1_0."mail cc",
        i1_0."mail to",
        i1_0.match,
        i1_0."motor-nr",
        i1_0."motor-typ",
        i1_0."mwst %",
        i1_0."mwst % r_",
        i1_0."mwst y/n",
        i1_0.name,
        i1_0.ort,
        i1_0.pakz,
        i1_0.partikelfilter,
        i1_0.plz,
        i1_0."prod-code",
        i1_0.projekt,
        i1_0.rc,
        i1_0.rdat,
        i1_0."re anrede",
        i1_0."re bonit#t",
        i1_0."re branche",
        i1_0."re kunden-nr_",
        i1_0."re land",
        i1_0."re match",
        i1_0."re name",
        i1_0."re ort",
        i1_0."re plz",
        i1_0."re rc",
        i1_0."re strasse",
        i1_0."re tele_",
        i1_0."re valuta",
        i1_0."re zart",
        i1_0.reserve,
        i1_0."rg-nr_ 10a",
        i1_0."rgs basis at",
        i1_0."rgs basis mwst",
        i1_0."rgs ges brutto",
        i1_0."rgs mwst",
        i1_0."rgs mwst at",
        i1_0."rgs netto",
        i1_0.rnr,
        i1_0."r&w freigabe-nr",
        i1_0.sp,
        i1_0."spez-code",
        i1_0.splitt,
        i1_0."spo order",
        i1_0."steuerfrei drittland",
        i1_0."sto-bez-re",
        i1_0."sto-bez-redat",
        i1_0.strasse,
        i1_0.tacho,
        i1_0.telefon,
        i1_0."tx_anf",
        i1_0."tx_ende",
        i1_0.typ,
        i1_0."user auftrag",
        i1_0."user rechnung",
        i1_0."ust-id-nr/ok",
        i1_0.valuta,
        i1_0."verbucht?",
        i1_0."wkt-id",
        i1_0."wrg_",
        i1_0."w/t",
        i1_0."zaga-gueltig",
        i1_0.zahlungsart,
        i1_0.zdat,
        i1_0."zusatzausr�stung 1",
        i1_0."zusatzausr�stung 2",
        i1_0."zusatzausr�stung 3" 
    from
        hsahklf3 i1_0
Hibernate: 
    insert 
    into
        hsahklf3
        (adat, "an-tag", "an-zeit", anr, anrede, "assi-vorgang-nr", atext, au, aufbauart, "ba-schl�ssel", berater, berei, "besteller kunde", bfort, bj, "bonit#t", branch, branche, dokumentennummer, "eg-umsatz", einsatzart, "euro-norm", "fahrg_-nr_", "fahrzeug-art", "f:b>0", "fert-tag", "fert-zeit", "fibu interim", "fibu mwst", "fibu mwst at", "f:v>0", ga, "ga-�bern_", hersteller, "hersteller aufbau", "hersteller zusatz 1", "hersteller zusatz 2", "hersteller zusatz 3", hu, "is-art", "kampagne-nr", "ken-av", "ken-pe", "kl-ausnahme idnr", "kl-ausnahme klartext", "kl-erweiterung", "klr-berech", "klr-betrag", km, "kor-bez-re", "kor-bez-redat", "kostencode konzint_", "kst int auf_", "kst lohn", "kst teile", "kto intauf_", "ktr int auf_", "kunden-nr_", kz, "kz s", "l_rnr", land, leitzahl, "mail cc", "mail to", match, "motor-nr", "motor-typ", "mwst %", "mwst % r_", "mwst y/n", name, ort, pakz, partikelfilter, plz, "prod-code", projekt, rc, rdat, "re anrede", "re bonit#t", "re branche", "re kunden-nr_", "re land", "re match", "re name", "re ort", "re plz", "re rc", "re strasse", "re tele_", "re valuta", "re zart", reserve, "rg-nr_ 10a", "rgs basis at", "rgs basis mwst", "rgs ges brutto", "rgs mwst", "rgs mwst at", "rgs netto", rnr, "r&w freigabe-nr", sp, "spez-code", splitt, "spo order", "steuerfrei drittland", "sto-bez-re", "sto-bez-redat", strasse, tacho, telefon, "tx_anf", "tx_ende", typ, "user auftrag", "user rechnung", "ust-id-nr/ok", valuta, "verbucht?", "wkt-id", "wrg_", "w/t", "zaga-gueltig", zahlungsart, zdat, "zusatzausr�stung 1", "zusatzausr�stung 2", "zusatzausr�stung 3", id) 
    values
        (?, ?, ?, ?, ?, ?, ?, ?, ?, ?, ?, ?, ?, ?, ?, ?, ?, ?, ?, ?, ?, ?, ?, ?, ?, ?, ?, ?, ?, ?, ?, ?, ?, ?, ?, ?, ?, ?, ?, ?, ?, ?, ?, ?, ?, ?, ?, ?, ?, ?, ?, ?, ?, ?, ?, ?, ?, ?, ?, ?, ?, ?, ?, ?, ?, ?, ?, ?, ?, ?, ?, ?, ?, ?, ?, ?, ?, ?, ?, ?, ?, ?, ?, ?, ?, ?, ?, ?, ?, ?, ?, ?, ?, ?, ?, ?, ?, ?, ?, ?, ?, ?, ?, ?, ?, ?, ?, ?, ?, ?, ?, ?, ?, ?, ?, ?, ?, ?, ?, ?, ?, ?, ?, ?, ?, ?, ?, ?, ?, ?, ?, default)
Hibernate: 
    select
        i1_0.id,
        i1_0.adat,
        i1_0."an-tag",
        i1_0."an-zeit",
        i1_0.anr,
        i1_0.anrede,
        i1_0."assi-vorgang-nr",
        i1_0.atext,
        i1_0.au,
        i1_0.aufbauart,
        i1_0."ba-schl�ssel",
        i1_0.berater,
        i1_0.berei,
        i1_0."besteller kunde",
        i1_0.bfort,
        i1_0.bj,
        i1_0."bonit#t",
        i1_0.branch,
        i1_0.branche,
        i1_0.dokumentennummer,
        i1_0."eg-umsatz",
        i1_0.einsatzart,
        i1_0."euro-norm",
        i1_0."fahrg_-nr_",
        i1_0."fahrzeug-art",
        i1_0."f:b>0",
        i1_0."fert-tag",
        i1_0."fert-zeit",
        i1_0."fibu interim",
        i1_0."fibu mwst",
        i1_0."fibu mwst at",
        i1_0."f:v>0",
        i1_0.ga,
        i1_0."ga-�bern_",
        i1_0.hersteller,
        i1_0."hersteller aufbau",
        i1_0."hersteller zusatz 1",
        i1_0."hersteller zusatz 2",
        i1_0."hersteller zusatz 3",
        i1_0.hu,
        i1_0."is-art",
        i1_0."kampagne-nr",
        i1_0."ken-av",
        i1_0."ken-pe",
        i1_0."kl-ausnahme idnr",
        i1_0."kl-ausnahme klartext",
        i1_0."kl-erweiterung",
        i1_0."klr-berech",
        i1_0."klr-betrag",
        i1_0.km,
        i1_0."kor-bez-re",
        i1_0."kor-bez-redat",
        i1_0."kostencode konzint_",
        i1_0."kst int auf_",
        i1_0."kst lohn",
        i1_0."kst teile",
        i1_0."kto intauf_",
        i1_0."ktr int auf_",
        i1_0."kunden-nr_",
        i1_0.kz,
        i1_0."kz s",
        i1_0."l_rnr",
        i1_0.land,
        i1_0.leitzahl,
        i1_0."mail cc",
        i1_0."mail to",
        i1_0.match,
        i1_0."motor-nr",
        i1_0."motor-typ",
        i1_0."mwst %",
        i1_0."mwst % r_",
        i1_0."mwst y/n",
        i1_0.name,
        i1_0.ort,
        i1_0.pakz,
        i1_0.partikelfilter,
        i1_0.plz,
        i1_0."prod-code",
        i1_0.projekt,
        i1_0.rc,
        i1_0.rdat,
        i1_0."re anrede",
        i1_0."re bonit#t",
        i1_0."re branche",
        i1_0."re kunden-nr_",
        i1_0."re land",
        i1_0."re match",
        i1_0."re name",
        i1_0."re ort",
        i1_0."re plz",
        i1_0."re rc",
        i1_0."re strasse",
        i1_0."re tele_",
        i1_0."re valuta",
        i1_0."re zart",
        i1_0.reserve,
        i1_0."rg-nr_ 10a",
        i1_0."rgs basis at",
        i1_0."rgs basis mwst",
        i1_0."rgs ges brutto",
        i1_0."rgs mwst",
        i1_0."rgs mwst at",
        i1_0."rgs netto",
        i1_0.rnr,
        i1_0."r&w freigabe-nr",
        i1_0.sp,
        i1_0."spez-code",
        i1_0.splitt,
        i1_0."spo order",
        i1_0."steuerfrei drittland",
        i1_0."sto-bez-re",
        i1_0."sto-bez-redat",
        i1_0.strasse,
        i1_0.tacho,
        i1_0.telefon,
        i1_0."tx_anf",
        i1_0."tx_ende",
        i1_0.typ,
        i1_0."user auftrag",
        i1_0."user rechnung",
        i1_0."ust-id-nr/ok",
        i1_0.valuta,
        i1_0."verbucht?",
        i1_0."wkt-id",
        i1_0."wrg_",
        i1_0."w/t",
        i1_0."zaga-gueltig",
        i1_0.zahlungsart,
        i1_0.zdat,
        i1_0."zusatzausr�stung 1",
        i1_0."zusatzausr�stung 2",
        i1_0."zusatzausr�stung 3" 
    from
        hsahklf3 i1_0 
    where
        i1_0.pakz=? 
        and i1_0.rnr=? 
        and i1_0.rdat=? 
        and i1_0.anr=? 
        and i1_0.berei=? 
        and i1_0."w/t"=? 
        and i1_0.splitt=?
]]></system-out>
  </testcase>
  <testcase name="shouldFailWhenWorkorderDoesNotExist" classname="com.scania.warranty.service.ClaimCreationValidationServiceTest$ClaimCreationValidation" time="0.006">
    <system-out><![CDATA[Hibernate: 
    select
        c1_0.id,
        c1_0.anhang,
        c1_0."anz_ fehler",
        c1_0."auf_nr_",
        c1_0."auftrags-nr_",
        c1_0."ausl#nder",
        c1_0.bereich,
        c1_0."chassis-nr_",
        c1_0."claim-nr_",
        c1_0."claim-nr_ sde",
        c1_0."kd-name",
        c1_0."kd-nr_",
        c1_0.kennzeichen,
        c1_0."km-stand",
        c1_0.pakz,
        c1_0."produkt-typ",
        c1_0."rech_-datum",
        c1_0."rech_-nr_",
        c1_0."rep_-datum",
        c1_0."status code sde",
        c1_0.wete,
        c1_0."zul_-datum" 
    from
        hsg71lf2 c1_0
Hibernate: 
    select
        ce1_0.id,
        ce1_0."action code",
        ce1_0.anhang,
        ce1_0."auftrags-nr_",
        ce1_0."beantr_ mat_",
        ce1_0."beantrg_ arb_",
        ce1_0."beantrg_ spez_",
        ce1_0.bereich,
        ce1_0."bew_ code1",
        ce1_0."bew_ code2",
        ce1_0."bew_ datum",
        ce1_0."claim-art",
        ce1_0."claim-nr_",
        ce1_0.complain,
        ce1_0.eps,
        ce1_0."erg_code",
        ce1_0.explanation1,
        ce1_0.explanation2,
        ce1_0.failure,
        ce1_0.fault1,
        ce1_0.fault2,
        ce1_0."fehler-nr_",
        ce1_0."fehler-nr_ sde",
        ce1_0."fehler-teil",
        ce1_0."feldtest-nr_",
        ce1_0."folge-nr_",
        ce1_0.hauptgruppe,
        ce1_0."kampagnen-nr_",
        ce1_0.location,
        ce1_0.nebengruppe,
        ce1_0.pakz,
        ce1_0."rech_-datum",
        ce1_0."rech_-nr_",
        ce1_0.repair,
        ce1_0.reply1,
        ce1_0.reply2,
        ce1_0.result1,
        ce1_0.result2,
        ce1_0."schad_-c1",
        ce1_0."schad_-c2",
        ce1_0.source,
        ce1_0."status code",
        ce1_0."steuer code",
        ce1_0.symptom,
        ce1_0.text1,
        ce1_0.text2,
        ce1_0.text3,
        ce1_0.text4,
        ce1_0."v_-km-stand",
        ce1_0."v_-rep_-datum",
        ce1_0."variant code",
        ce1_0."verg_ arb_",
        ce1_0."verg_ mat_",
        ce1_0."verg_ spez_" 
    from
        hsg73pf ce1_0
Hibernate: 
    select
        i1_0.id,
        i1_0.adat,
        i1_0."an-tag",
        i1_0."an-zeit",
        i1_0.anr,
        i1_0.anrede,
        i1_0."assi-vorgang-nr",
        i1_0.atext,
        i1_0.au,
        i1_0.aufbauart,
        i1_0."ba-schl�ssel",
        i1_0.berater,
        i1_0.berei,
        i1_0."besteller kunde",
        i1_0.bfort,
        i1_0.bj,
        i1_0."bonit#t",
        i1_0.branch,
        i1_0.branche,
        i1_0.dokumentennummer,
        i1_0."eg-umsatz",
        i1_0.einsatzart,
        i1_0."euro-norm",
        i1_0."fahrg_-nr_",
        i1_0."fahrzeug-art",
        i1_0."f:b>0",
        i1_0."fert-tag",
        i1_0."fert-zeit",
        i1_0."fibu interim",
        i1_0."fibu mwst",
        i1_0."fibu mwst at",
        i1_0."f:v>0",
        i1_0.ga,
        i1_0."ga-�bern_",
        i1_0.hersteller,
        i1_0."hersteller aufbau",
        i1_0."hersteller zusatz 1",
        i1_0."hersteller zusatz 2",
        i1_0."hersteller zusatz 3",
        i1_0.hu,
        i1_0."is-art",
        i1_0."kampagne-nr",
        i1_0."ken-av",
        i1_0."ken-pe",
        i1_0."kl-ausnahme idnr",
        i1_0."kl-ausnahme klartext",
        i1_0."kl-erweiterung",
        i1_0."klr-berech",
        i1_0."klr-betrag",
        i1_0.km,
        i1_0."kor-bez-re",
        i1_0."kor-bez-redat",
        i1_0."kostencode konzint_",
        i1_0."kst int auf_",
        i1_0."kst lohn",
        i1_0."kst teile",
        i1_0."kto intauf_",
        i1_0."ktr int auf_",
        i1_0."kunden-nr_",
        i1_0.kz,
        i1_0."kz s",
        i1_0."l_rnr",
        i1_0.land,
        i1_0.leitzahl,
        i1_0."mail cc",
        i1_0."mail to",
        i1_0.match,
        i1_0."motor-nr",
        i1_0."motor-typ",
        i1_0."mwst %",
        i1_0."mwst % r_",
        i1_0."mwst y/n",
        i1_0.name,
        i1_0.ort,
        i1_0.pakz,
        i1_0.partikelfilter,
        i1_0.plz,
        i1_0."prod-code",
        i1_0.projekt,
        i1_0.rc,
        i1_0.rdat,
        i1_0."re anrede",
        i1_0."re bonit#t",
        i1_0."re branche",
        i1_0."re kunden-nr_",
        i1_0."re land",
        i1_0."re match",
        i1_0."re name",
        i1_0."re ort",
        i1_0."re plz",
        i1_0."re rc",
        i1_0."re strasse",
        i1_0."re tele_",
        i1_0."re valuta",
        i1_0."re zart",
        i1_0.reserve,
        i1_0."rg-nr_ 10a",
        i1_0."rgs basis at",
        i1_0."rgs basis mwst",
        i1_0."rgs ges brutto",
        i1_0."rgs mwst",
        i1_0."rgs mwst at",
        i1_0."rgs netto",
        i1_0.rnr,
        i1_0."r&w freigabe-nr",
        i1_0.sp,
        i1_0."spez-code",
        i1_0.splitt,
        i1_0."spo order",
        i1_0."steuerfrei drittland",
        i1_0."sto-bez-re",
        i1_0."sto-bez-redat",
        i1_0.strasse,
        i1_0.tacho,
        i1_0.telefon,
        i1_0."tx_anf",
        i1_0."tx_ende",
        i1_0.typ,
        i1_0."user auftrag",
        i1_0."user rechnung",
        i1_0."ust-id-nr/ok",
        i1_0.valuta,
        i1_0."verbucht?",
        i1_0."wkt-id",
        i1_0."wrg_",
        i1_0."w/t",
        i1_0."zaga-gueltig",
        i1_0.zahlungsart,
        i1_0.zdat,
        i1_0."zusatzausr�stung 1",
        i1_0."zusatzausr�stung 2",
        i1_0."zusatzausr�stung 3" 
    from
        hsahklf3 i1_0
Hibernate: 
    select
        i1_0.id,
        i1_0.adat,
        i1_0."an-tag",
        i1_0."an-zeit",
        i1_0.anr,
        i1_0.anrede,
        i1_0."assi-vorgang-nr",
        i1_0.atext,
        i1_0.au,
        i1_0.aufbauart,
        i1_0."ba-schl�ssel",
        i1_0.berater,
        i1_0.berei,
        i1_0."besteller kunde",
        i1_0.bfort,
        i1_0.bj,
        i1_0."bonit#t",
        i1_0.branch,
        i1_0.branche,
        i1_0.dokumentennummer,
        i1_0."eg-umsatz",
        i1_0.einsatzart,
        i1_0."euro-norm",
        i1_0."fahrg_-nr_",
        i1_0."fahrzeug-art",
        i1_0."f:b>0",
        i1_0."fert-tag",
        i1_0."fert-zeit",
        i1_0."fibu interim",
        i1_0."fibu mwst",
        i1_0."fibu mwst at",
        i1_0."f:v>0",
        i1_0.ga,
        i1_0."ga-�bern_",
        i1_0.hersteller,
        i1_0."hersteller aufbau",
        i1_0."hersteller zusatz 1",
        i1_0."hersteller zusatz 2",
        i1_0."hersteller zusatz 3",
        i1_0.hu,
        i1_0."is-art",
        i1_0."kampagne-nr",
        i1_0."ken-av",
        i1_0."ken-pe",
        i1_0."kl-ausnahme idnr",
        i1_0."kl-ausnahme klartext",
        i1_0."kl-erweiterung",
        i1_0."klr-berech",
        i1_0."klr-betrag",
        i1_0.km,
        i1_0."kor-bez-re",
        i1_0."kor-bez-redat",
        i1_0."kostencode konzint_",
        i1_0."kst int auf_",
        i1_0."kst lohn",
        i1_0."kst teile",
        i1_0."kto intauf_",
        i1_0."ktr int auf_",
        i1_0."kunden-nr_",
        i1_0.kz,
        i1_0."kz s",
        i1_0."l_rnr",
        i1_0.land,
        i1_0.leitzahl,
        i1_0."mail cc",
        i1_0."mail to",
        i1_0.match,
        i1_0."motor-nr",
        i1_0."motor-typ",
        i1_0."mwst %",
        i1_0."mwst % r_",
        i1_0."mwst y/n",
        i1_0.name,
        i1_0.ort,
        i1_0.pakz,
        i1_0.partikelfilter,
        i1_0.plz,
        i1_0."prod-code",
        i1_0.projekt,
        i1_0.rc,
        i1_0.rdat,
        i1_0."re anrede",
        i1_0."re bonit#t",
        i1_0."re branche",
        i1_0."re kunden-nr_",
        i1_0."re land",
        i1_0."re match",
        i1_0."re name",
        i1_0."re ort",
        i1_0."re plz",
        i1_0."re rc",
        i1_0."re strasse",
        i1_0."re tele_",
        i1_0."re valuta",
        i1_0."re zart",
        i1_0.reserve,
        i1_0."rg-nr_ 10a",
        i1_0."rgs basis at",
        i1_0."rgs basis mwst",
        i1_0."rgs ges brutto",
        i1_0."rgs mwst",
        i1_0."rgs mwst at",
        i1_0."rgs netto",
        i1_0.rnr,
        i1_0."r&w freigabe-nr",
        i1_0.sp,
        i1_0."spez-code",
        i1_0.splitt,
        i1_0."spo order",
        i1_0."steuerfrei drittland",
        i1_0."sto-bez-re",
        i1_0."sto-bez-redat",
        i1_0.strasse,
        i1_0.tacho,
        i1_0.telefon,
        i1_0."tx_anf",
        i1_0."tx_ende",
        i1_0.typ,
        i1_0."user auftrag",
        i1_0."user rechnung",
        i1_0."ust-id-nr/ok",
        i1_0.valuta,
        i1_0."verbucht?",
        i1_0."wkt-id",
        i1_0."wrg_",
        i1_0."w/t",
        i1_0."zaga-gueltig",
        i1_0.zahlungsart,
        i1_0.zdat,
        i1_0."zusatzausr�stung 1",
        i1_0."zusatzausr�stung 2",
        i1_0."zusatzausr�stung 3" 
    from
        hsahklf3 i1_0 
    where
        i1_0.pakz=? 
        and i1_0.rnr=? 
        and i1_0.rdat=? 
        and i1_0.anr=? 
        and i1_0.berei=? 
        and i1_0."w/t"=? 
        and i1_0.splitt=?
]]></system-out>
  </testcase>
</testsuite>